2026-06-30 21:33:40,115 | INFO | Connecting to 149.154.167.51:443/TcpFull...
2026-06-30 21:33:50,126 | WARNING | Attempt 1 at connecting failed: TimeoutError: 
2026-06-30 21:33:52,817 | INFO | Connection to 149.154.167.51:443/TcpFull complete!
2026-06-30 21:33:54,559 | INFO | Phone migrated to 4
2026-06-30 21:33:54,681 | INFO | Reconnecting to new data center 4
2026-06-30 21:33:54,819 | INFO | Disconnecting from 149.154.167.51:443/TcpFull...
2026-06-30 21:33:54,821 | INFO | Disconnection from 149.154.167.51:443/TcpFull complete!
2026-06-30 21:33:54,822 | INFO | Connecting to 149.154.167.91:443/TcpFull...
2026-06-30 21:33:58,447 | INFO | Connection to 149.154.167.91:443/TcpFull complete!
2026-06-30 21:35:09,539 | INFO | Telegram client authenticated successfully.
2026-06-30 21:35:09,541 | INFO | Starting scrape for channel: CheMed123
2026-06-30 21:35:13,355 | INFO | Starting direct file download in chunks of 131072 at 0, stride 131072
2026-06-30 21:35:15,640 | INFO | Starting direct file download in chunks of 131072 at 0, stride 131072
2026-06-30 21:35:20,120 | INFO | Starting direct file download in chunks of 131072 at 0, stride 131072
2026-06-30 21:35:22,972 | INFO | Starting direct file download in chunks of 131072 at 0, stride 131072
2026-06-30 21:35:25,470 | INFO | Starting direct file download in chunks of 131072 at 0, stride 131072
2026-06-30 21:35:29,557 | INFO | Starting direct file download in chunks of 131072 at 0, stride 131072
2026-06-30 21:35:35,898 | INFO | Starting direct file download in chunks of 131072 at 0, stride 131072
2026-06-30 21:35:38,655 | INFO | Starting direct file download in chunks of 131072 at 0, stride 131072
2026-06-30 21:35:43,769 | INFO | Starting direct file download in chunks of 131072 at 0, stride 131072
2026-06-30 21:35:50,049 | INFO | Starting direct file download in chunks of 131072 at 0, stride 131072
2026-06-30 21:35:55,177 | INFO | Starting direct file download in chunks of 131072 at 0, stride 131072
2026-06-30 21:36:01,484 | INFO | Starting direct file download in chunks of 131072 at 0, stride 131072
2026-06-30 21:36:05,469 | INFO | Starting direct file download in chunks of 131072 at 0, stride 131072
2026-06-30 21:36:10,419 | INFO | Starting direct file download in chunks of 131072 at 0, stride 131072
2026-06-30 21:36:19,671 | INFO | Starting direct file download in chunks of 131072 at 0, stride 131072
2026-06-30 21:36:25,136 | INFO | Starting direct file download in chunks of 131072 at 0, stride 131072
2026-06-30 21:36:35,220 | INFO | Starting direct file download in chunks of 131072 at 0, stride 131072
2026-06-30 21:36:45,513 | INFO | Starting direct file download in chunks of 131072 at 0, stride 131072
2026-06-30 21:36:53,076 | INFO | Starting direct file download in chunks of 131072 at 0, stride 131072
2026-06-30 21:37:01,261 | INFO | Starting direct file download in chunks of 131072 at 0, stride 131072
2026-06-30 21:37:09,477 | INFO | Starting direct file download in chunks of 131072 at 0, stride 131072
2026-06-30 21:37:14,584 | INFO | Starting direct file download in chunks of 131072 at 0, stride 131072
2026-06-30 21:37:19,930 | INFO | Starting direct file download in chunks of 131072 at 0, stride 131072
2026-06-30 21:37:27,930 | INFO | Starting direct file download in chunks of 131072 at 0, stride 131072
2026-06-30 21:37:34,938 | INFO | Starting direct file download in chunks of 131072 at 0, stride 131072
2026-06-30 21:37:40,277 | INFO | Starting direct file download in chunks of 131072 at 0, stride 131072
2026-06-30 21:37:43,972 | INFO | Starting direct file download in chunks of 131072 at 0, stride 131072
2026-06-30 21:37:48,224 | INFO | Starting direct file download in chunks of 131072 at 0, stride 131072
2026-06-30 21:37:50,895 | INFO | Starting direct file download in chunks of 131072 at 0, stride 131072
2026-06-30 21:37:57,382 | INFO | Starting direct file download in chunks of 131072 at 0, stride 131072
2026-06-30 21:38:02,494 | INFO | Starting direct file download in chunks of 131072 at 0, stride 131072
2026-06-30 21:38:07,392 | INFO | Starting direct file download in chunks of 131072 at 0, stride 131072
2026-06-30 21:38:11,689 | INFO | Starting direct file download in chunks of 131072 at 0, stride 131072
2026-06-30 21:38:16,955 | INFO | Starting direct file download in chunks of 131072 at 0, stride 131072
2026-06-30 21:38:21,443 | INFO | Starting direct file download in chunks of 131072 at 0, stride 131072
2026-06-30 21:38:31,349 | INFO | Starting direct file download in chunks of 131072 at 0, stride 131072
2026-06-30 21:38:37,295 | INFO | Starting direct file download in chunks of 131072 at 0, stride 131072
2026-06-30 21:38:43,187 | INFO | Starting direct file download in chunks of 131072 at 0, stride 131072
2026-06-30 21:38:49,554 | INFO | Starting direct file download in chunks of 131072 at 0, stride 131072
2026-06-30 21:38:58,257 | INFO | Starting direct file download in chunks of 131072 at 0, stride 131072
2026-06-30 21:39:05,318 | INFO | Starting direct file download in chunks of 131072 at 0, stride 131072
2026-06-30 21:39:10,755 | INFO | Starting direct file download in chunks of 131072 at 0, stride 131072
2026-06-30 21:39:19,172 | INFO | Starting direct file download in chunks of 131072 at 0, stride 131072
2026-06-30 21:39:24,669 | INFO | Starting direct file download in chunks of 131072 at 0, stride 131072
2026-06-30 21:39:28,451 | INFO | Starting direct file download in chunks of 131072 at 0, stride 131072
2026-06-30 21:39:35,987 | INFO |   CheMed123: 50 messages scraped so far
2026-06-30 21:39:35,990 | INFO | Starting direct file download in chunks of 131072 at 0, stride 131072
2026-06-30 21:39:41,679 | INFO | Starting direct file download in chunks of 131072 at 0, stride 131072
2026-06-30 21:39:46,720 | INFO | Starting direct file download in chunks of 131072 at 0, stride 131072
2026-06-30 21:39:50,358 | INFO | Starting direct file download in chunks of 131072 at 0, stride 131072
2026-06-30 21:39:59,014 | INFO | Starting direct file download in chunks of 131072 at 0, stride 131072
2026-06-30 21:40:03,163 | INFO | Starting direct file download in chunks of 131072 at 0, stride 131072
2026-06-30 21:40:14,415 | INFO | Starting direct file download in chunks of 131072 at 0, stride 131072
2026-06-30 21:40:18,391 | INFO | Starting direct file download in chunks of 131072 at 0, stride 131072
2026-06-30 21:40:21,559 | INFO | Starting direct file download in chunks of 131072 at 0, stride 131072
2026-06-30 21:40:25,057 | INFO | Starting direct file download in chunks of 131072 at 0, stride 131072
2026-06-30 21:40:29,416 | INFO | Starting direct file download in chunks of 131072 at 0, stride 131072
2026-06-30 21:40:38,717 | INFO | Starting direct file download in chunks of 131072 at 0, stride 131072
2026-06-30 21:40:49,463 | INFO | Starting direct file download in chunks of 131072 at 0, stride 131072
2026-06-30 21:40:54,872 | INFO | Starting direct file download in chunks of 131072 at 0, stride 131072
2026-06-30 21:41:01,972 | INFO | Starting direct file download in chunks of 131072 at 0, stride 131072
2026-06-30 21:41:07,349 | INFO | Starting direct file download in chunks of 131072 at 0, stride 131072
2026-06-30 21:41:16,371 | INFO | Starting direct file download in chunks of 131072 at 0, stride 131072
2026-06-30 21:41:31,189 | INFO | Starting direct file download in chunks of 131072 at 0, stride 131072
2026-06-30 21:41:39,109 | INFO | Starting direct file download in chunks of 131072 at 0, stride 131072
2026-06-30 21:41:48,162 | INFO | Starting direct file download in chunks of 131072 at 0, stride 131072
2026-06-30 21:41:52,286 | INFO | Starting direct file download in chunks of 131072 at 0, stride 131072
2026-06-30 21:41:54,753 | INFO | Starting direct file download in chunks of 131072 at 0, stride 131072
2026-06-30 21:41:56,795 | INFO | Finished CheMed123: 76 messages total
2026-06-30 21:41:56,868 | INFO | Wrote 76 messages to C:\Users\HP\OneDrive\Desktop\10 ACADAMY FILES\medical-telegram-warehouse-\data\raw\telegram_messages\2026-06-30\CheMed123.json
2026-06-30 21:41:56,869 | INFO | Starting scrape for channel: lobelia4cosmetics
2026-06-30 21:41:58,363 | INFO | Starting direct file download in chunks of 131072 at 0, stride 131072
2026-06-30 21:42:03,668 | INFO | Starting direct file download in chunks of 131072 at 0, stride 131072
2026-06-30 21:42:05,850 | INFO | Starting direct file download in chunks of 131072 at 0, stride 131072
2026-06-30 21:42:07,345 | INFO | Starting direct file download in chunks of 131072 at 0, stride 131072
2026-06-30 21:42:09,701 | INFO | Starting direct file download in chunks of 131072 at 0, stride 131072
2026-06-30 21:43:32,085 | WARNING | Server closed the connection: [WinError 121] The semaphore timeout period has expired
2026-06-30 21:43:32,271 | INFO | Connection closed while receiving data: [WinError 121] The semaphore timeout period has expired
2026-06-30 21:43:32,272 | INFO | Closing current connection to begin reconnect...
2026-06-30 21:43:32,272 | INFO | <class 'OSError'> during disconnect: [WinError 121] The semaphore timeout period has expired
2026-06-30 21:43:32,273 | INFO | Connecting to 149.154.167.91:443/TcpFull...
2026-06-30 21:43:32,275 | WARNING | Attempt 1 at connecting failed: OSError: [WinError 1232] The network location cannot be reached. For information about network troubleshooting, see Windows Help
2026-06-30 21:43:33,287 | WARNING | Attempt 2 at connecting failed: OSError: [WinError 1232] The network location cannot be reached. For information about network troubleshooting, see Windows Help
2026-06-30 21:43:34,294 | WARNING | Attempt 3 at connecting failed: OSError: [WinError 1232] The network location cannot be reached. For information about network troubleshooting, see Windows Help
2026-06-30 21:43:35,303 | WARNING | Attempt 4 at connecting failed: OSError: [WinError 1232] The network location cannot be reached. For information about network troubleshooting, see Windows Help
2026-06-30 21:43:36,309 | WARNING | Attempt 5 at connecting failed: OSError: [WinError 1232] The network location cannot be reached. For information about network troubleshooting, see Windows Help
2026-06-30 21:43:37,319 | WARNING | Attempt 6 at connecting failed: OSError: [WinError 1232] The network location cannot be reached. For information about network troubleshooting, see Windows Help
2026-06-30 21:43:38,322 | INFO | Failed reconnection attempt 1 with ConnectionError
2026-06-30 21:43:39,327 | INFO | Connecting to 149.154.167.91:443/TcpFull...
2026-06-30 21:43:39,328 | WARNING | Attempt 1 at connecting failed: OSError: [WinError 1232] The network location cannot be reached. For information about network troubleshooting, see Windows Help
2026-06-30 21:43:40,346 | WARNING | Attempt 2 at connecting failed: OSError: [WinError 1232] The network location cannot be reached. For information about network troubleshooting, see Windows Help
2026-06-30 21:43:41,363 | WARNING | Attempt 3 at connecting failed: OSError: [WinError 1232] The network location cannot be reached. For information about network troubleshooting, see Windows Help
2026-06-30 21:43:42,370 | WARNING | Attempt 4 at connecting failed: OSError: [WinError 1232] The network location cannot be reached. For information about network troubleshooting, see Windows Help
2026-06-30 21:43:43,376 | WARNING | Attempt 5 at connecting failed: OSError: [WinError 1232] The network location cannot be reached. For information about network troubleshooting, see Windows Help
2026-06-30 21:43:44,385 | WARNING | Attempt 6 at connecting failed: OSError: [WinError 1232] The network location cannot be reached. For information about network troubleshooting, see Windows Help
2026-06-30 21:43:45,395 | INFO | Failed reconnection attempt 2 with ConnectionError
2026-06-30 21:43:46,402 | INFO | Connecting to 149.154.167.91:443/TcpFull...
2026-06-30 21:43:46,403 | WARNING | Attempt 1 at connecting failed: OSError: [WinError 1232] The network location cannot be reached. For information about network troubleshooting, see Windows Help
2026-06-30 21:43:47,415 | WARNING | Attempt 2 at connecting failed: OSError: [WinError 1232] The network location cannot be reached. For information about network troubleshooting, see Windows Help
2026-06-30 21:43:48,422 | WARNING | Attempt 3 at connecting failed: OSError: [WinError 1232] The network location cannot be reached. For information about network troubleshooting, see Windows Help
2026-06-30 21:43:49,430 | WARNING | Attempt 4 at connecting failed: OSError: [WinError 1232] The network location cannot be reached. For information about network troubleshooting, see Windows Help
2026-06-30 21:43:50,433 | WARNING | Attempt 5 at connecting failed: OSError: [WinError 1232] The network location cannot be reached. For information about network troubleshooting, see Windows Help
2026-06-30 21:43:51,441 | WARNING | Attempt 6 at connecting failed: OSError: [WinError 1232] The network location cannot be reached. For information about network troubleshooting, see Windows Help
2026-06-30 21:43:52,449 | INFO | Failed reconnection attempt 3 with ConnectionError
2026-06-30 21:43:53,454 | INFO | Connecting to 149.154.167.91:443/TcpFull...
2026-06-30 21:43:53,455 | WARNING | Attempt 1 at connecting failed: OSError: [WinError 1232] The network location cannot be reached. For information about network troubleshooting, see Windows Help
2026-06-30 21:43:54,462 | WARNING | Attempt 2 at connecting failed: OSError: [WinError 1232] The network location cannot be reached. For information about network troubleshooting, see Windows Help
2026-06-30 21:43:55,477 | WARNING | Attempt 3 at connecting failed: OSError: [WinError 1232] The network location cannot be reached. For information about network troubleshooting, see Windows Help
2026-06-30 21:43:56,493 | WARNING | Attempt 4 at connecting failed: OSError: [WinError 1232] The network location cannot be reached. For information about network troubleshooting, see Windows Help
2026-06-30 21:43:57,501 | WARNING | Attempt 5 at connecting failed: OSError: [WinError 1232] The network location cannot be reached. For information about network troubleshooting, see Windows Help
2026-06-30 21:43:58,538 | WARNING | Attempt 6 at connecting failed: OSError: [WinError 1232] The network location cannot be reached. For information about network troubleshooting, see Windows Help
2026-06-30 21:43:59,565 | INFO | Failed reconnection attempt 4 with ConnectionError
2026-06-30 21:44:00,567 | INFO | Connecting to 149.154.167.91:443/TcpFull...
2026-06-30 21:44:00,568 | WARNING | Attempt 1 at connecting failed: OSError: [WinError 1232] The network location cannot be reached. For information about network troubleshooting, see Windows Help
2026-06-30 21:44:01,578 | WARNING | Attempt 2 at connecting failed: OSError: [WinError 1232] The network location cannot be reached. For information about network troubleshooting, see Windows Help
2026-06-30 21:44:02,588 | WARNING | Attempt 3 at connecting failed: OSError: [WinError 1232] The network location cannot be reached. For information about network troubleshooting, see Windows Help
2026-06-30 21:44:03,589 | WARNING | Attempt 4 at connecting failed: OSError: [WinError 1232] The network location cannot be reached. For information about network troubleshooting, see Windows Help
2026-06-30 21:44:04,596 | WARNING | Attempt 5 at connecting failed: OSError: [WinError 1232] The network location cannot be reached. For information about network troubleshooting, see Windows Help
2026-06-30 21:44:05,600 | WARNING | Attempt 6 at connecting failed: OSError: [WinError 1232] The network location cannot be reached. For information about network troubleshooting, see Windows Help
2026-06-30 21:44:06,606 | INFO | Failed reconnection attempt 5 with ConnectionError
2026-06-30 21:44:07,613 | ERROR | Automatic reconnection failed 5 time(s)
2026-06-30 21:44:07,614 | INFO | Disconnecting from 149.154.167.91:443/TcpFull...
2026-06-30 21:44:07,614 | INFO | Disconnection from 149.154.167.91:443/TcpFull complete!
2026-06-30 21:44:07,615 | ERROR | Future exception was never retrieved
future: <Future finished exception=ConnectionError('Connection to Telegram failed 5 time(s)')>
ConnectionError: Connection to Telegram failed 5 time(s)
2026-06-30 21:44:07,616 | WARNING | Failed to download image for message 26744 in lobelia4cosmetics: Connection to Telegram failed 5 time(s)
2026-06-30 21:44:07,632 | INFO | Starting direct file download in chunks of 131072 at 0, stride 131072
2026-06-30 21:44:07,633 | WARNING | Failed to download image for message 26743 in lobelia4cosmetics: Cannot send requests while disconnected
2026-06-30 21:44:07,638 | INFO | Starting direct file download in chunks of 131072 at 0, stride 131072
2026-06-30 21:44:07,639 | WARNING | Failed to download image for message 26742 in lobelia4cosmetics: Cannot send requests while disconnected
2026-06-30 21:44:07,644 | INFO | Starting direct file download in chunks of 131072 at 0, stride 131072
2026-06-30 21:44:07,645 | WARNING | Failed to download image for message 26741 in lobelia4cosmetics: Cannot send requests while disconnected
2026-06-30 21:44:07,649 | INFO | Starting direct file download in chunks of 131072 at 0, stride 131072
2026-06-30 21:44:07,653 | WARNING | Failed to download image for message 26740 in lobelia4cosmetics: Cannot send requests while disconnected
2026-06-30 21:44:07,657 | INFO | Starting direct file download in chunks of 131072 at 0, stride 131072
2026-06-30 21:44:07,658 | WARNING | Failed to download image for message 26739 in lobelia4cosmetics: Cannot send requests while disconnected
2026-06-30 21:44:07,668 | INFO | Starting direct file download in chunks of 131072 at 0, stride 131072
2026-06-30 21:44:07,669 | WARNING | Failed to download image for message 26738 in lobelia4cosmetics: Cannot send requests while disconnected
2026-06-30 21:44:07,673 | INFO | Starting direct file download in chunks of 131072 at 0, stride 131072
2026-06-30 21:44:07,674 | WARNING | Failed to download image for message 26737 in lobelia4cosmetics: Cannot send requests while disconnected
2026-06-30 21:44:07,681 | INFO | Starting direct file download in chunks of 131072 at 0, stride 131072
2026-06-30 21:44:07,681 | WARNING | Failed to download image for message 26736 in lobelia4cosmetics: Cannot send requests while disconnected
2026-06-30 21:44:07,686 | INFO | Starting direct file download in chunks of 131072 at 0, stride 131072
2026-06-30 21:44:07,687 | WARNING | Failed to download image for message 26735 in lobelia4cosmetics: Cannot send requests while disconnected
2026-06-30 21:44:07,691 | INFO | Starting direct file download in chunks of 131072 at 0, stride 131072
2026-06-30 21:44:07,695 | WARNING | Failed to download image for message 26734 in lobelia4cosmetics: Cannot send requests while disconnected
2026-06-30 21:44:07,699 | INFO | Starting direct file download in chunks of 131072 at 0, stride 131072
2026-06-30 21:44:07,700 | WARNING | Failed to download image for message 26733 in lobelia4cosmetics: Cannot send requests while disconnected
2026-06-30 21:44:07,707 | INFO | Starting direct file download in chunks of 131072 at 0, stride 131072
2026-06-30 21:44:07,712 | WARNING | Failed to download image for message 26732 in lobelia4cosmetics: Cannot send requests while disconnected
2026-06-30 21:44:07,715 | INFO | Starting direct file download in chunks of 131072 at 0, stride 131072
2026-06-30 21:44:07,719 | WARNING | Failed to download image for message 26731 in lobelia4cosmetics: Cannot send requests while disconnected
2026-06-30 21:44:07,723 | INFO | Starting direct file download in chunks of 131072 at 0, stride 131072
2026-06-30 21:44:07,724 | WARNING | Failed to download image for message 26730 in lobelia4cosmetics: Cannot send requests while disconnected
2026-06-30 21:44:07,729 | INFO | Starting direct file download in chunks of 131072 at 0, stride 131072
2026-06-30 21:44:07,729 | WARNING | Failed to download image for message 26729 in lobelia4cosmetics: Cannot send requests while disconnected
2026-06-30 21:44:07,733 | INFO | Starting direct file download in chunks of 131072 at 0, stride 131072
2026-06-30 21:44:07,734 | WARNING | Failed to download image for message 26728 in lobelia4cosmetics: Cannot send requests while disconnected
2026-06-30 21:44:07,739 | INFO | Starting direct file download in chunks of 131072 at 0, stride 131072
2026-06-30 21:44:07,740 | WARNING | Failed to download image for message 26727 in lobelia4cosmetics: Cannot send requests while disconnected
2026-06-30 21:44:07,745 | INFO | Starting direct file download in chunks of 131072 at 0, stride 131072
2026-06-30 21:44:07,746 | WARNING | Failed to download image for message 26726 in lobelia4cosmetics: Cannot send requests while disconnected
2026-06-30 21:44:07,751 | INFO | Starting direct file download in chunks of 131072 at 0, stride 131072
2026-06-30 21:44:07,751 | WARNING | Failed to download image for message 26725 in lobelia4cosmetics: Cannot send requests while disconnected
2026-06-30 21:44:07,756 | INFO | Starting direct file download in chunks of 131072 at 0, stride 131072
2026-06-30 21:44:07,757 | WARNING | Failed to download image for message 26724 in lobelia4cosmetics: Cannot send requests while disconnected
2026-06-30 21:44:07,762 | INFO | Starting direct file download in chunks of 131072 at 0, stride 131072
2026-06-30 21:44:07,763 | WARNING | Failed to download image for message 26723 in lobelia4cosmetics: Cannot send requests while disconnected
2026-06-30 21:44:07,767 | INFO | Starting direct file download in chunks of 131072 at 0, stride 131072
2026-06-30 21:44:07,768 | WARNING | Failed to download image for message 26722 in lobelia4cosmetics: Cannot send requests while disconnected
2026-06-30 21:44:07,773 | INFO | Starting direct file download in chunks of 131072 at 0, stride 131072
2026-06-30 21:44:07,774 | WARNING | Failed to download image for message 26721 in lobelia4cosmetics: Cannot send requests while disconnected
2026-06-30 21:44:07,779 | INFO | Starting direct file download in chunks of 131072 at 0, stride 131072
2026-06-30 21:44:07,780 | WARNING | Failed to download image for message 26720 in lobelia4cosmetics: Cannot send requests while disconnected
2026-06-30 21:44:07,785 | INFO | Starting direct file download in chunks of 131072 at 0, stride 131072
2026-06-30 21:44:07,787 | WARNING | Failed to download image for message 26719 in lobelia4cosmetics: Cannot send requests while disconnected
2026-06-30 21:44:07,791 | INFO | Starting direct file download in chunks of 131072 at 0, stride 131072
2026-06-30 21:44:07,793 | WARNING | Failed to download image for message 26718 in lobelia4cosmetics: Cannot send requests while disconnected
2026-06-30 21:44:07,798 | INFO | Starting direct file download in chunks of 131072 at 0, stride 131072
2026-06-30 21:44:07,799 | WARNING | Failed to download image for message 26717 in lobelia4cosmetics: Cannot send requests while disconnected
2026-06-30 21:44:07,805 | INFO | Starting direct file download in chunks of 131072 at 0, stride 131072
2026-06-30 21:44:07,806 | WARNING | Failed to download image for message 26716 in lobelia4cosmetics: Cannot send requests while disconnected
2026-06-30 21:44:07,811 | INFO | Starting direct file download in chunks of 131072 at 0, stride 131072
2026-06-30 21:44:07,812 | WARNING | Failed to download image for message 26715 in lobelia4cosmetics: Cannot send requests while disconnected
2026-06-30 21:44:07,823 | INFO | Starting direct file download in chunks of 131072 at 0, stride 131072
2026-06-30 21:44:07,824 | WARNING | Failed to download image for message 26714 in lobelia4cosmetics: Cannot send requests while disconnected
2026-06-30 21:44:07,830 | INFO | Starting direct file download in chunks of 131072 at 0, stride 131072
2026-06-30 21:44:07,831 | WARNING | Failed to download image for message 26713 in lobelia4cosmetics: Cannot send requests while disconnected
2026-06-30 21:44:07,837 | INFO | Starting direct file download in chunks of 131072 at 0, stride 131072
2026-06-30 21:44:07,838 | WARNING | Failed to download image for message 26712 in lobelia4cosmetics: Cannot send requests while disconnected
2026-06-30 21:44:07,842 | INFO | Starting direct file download in chunks of 131072 at 0, stride 131072
2026-06-30 21:44:07,845 | WARNING | Failed to download image for message 26711 in lobelia4cosmetics: Cannot send requests while disconnected
2026-06-30 21:44:07,920 | INFO | Starting direct file download in chunks of 131072 at 0, stride 131072
2026-06-30 21:44:07,921 | WARNING | Failed to download image for message 26710 in lobelia4cosmetics: Cannot send requests while disconnected
2026-06-30 21:44:07,924 | INFO | Starting direct file download in chunks of 131072 at 0, stride 131072
2026-06-30 21:44:07,925 | WARNING | Failed to download image for message 26709 in lobelia4cosmetics: Cannot send requests while disconnected
2026-06-30 21:44:07,929 | INFO | Starting direct file download in chunks of 131072 at 0, stride 131072
2026-06-30 21:44:07,930 | WARNING | Failed to download image for message 26708 in lobelia4cosmetics: Cannot send requests while disconnected
2026-06-30 21:44:07,937 | INFO | Starting direct file download in chunks of 131072 at 0, stride 131072
2026-06-30 21:44:07,938 | WARNING | Failed to download image for message 26707 in lobelia4cosmetics: Cannot send requests while disconnected
2026-06-30 21:44:07,943 | INFO | Starting direct file download in chunks of 131072 at 0, stride 131072
2026-06-30 21:44:07,944 | WARNING | Failed to download image for message 26706 in lobelia4cosmetics: Cannot send requests while disconnected
2026-06-30 21:44:07,948 | INFO | Starting direct file download in chunks of 131072 at 0, stride 131072
2026-06-30 21:44:07,951 | WARNING | Failed to download image for message 26705 in lobelia4cosmetics: Cannot send requests while disconnected
2026-06-30 21:44:07,955 | INFO | Starting direct file download in chunks of 131072 at 0, stride 131072
2026-06-30 21:44:07,960 | WARNING | Failed to download image for message 26704 in lobelia4cosmetics: Cannot send requests while disconnected
2026-06-30 21:44:07,965 | INFO | Starting direct file download in chunks of 131072 at 0, stride 131072
2026-06-30 21:44:07,966 | WARNING | Failed to download image for message 26703 in lobelia4cosmetics: Cannot send requests while disconnected
2026-06-30 21:44:07,972 | INFO | Starting direct file download in chunks of 131072 at 0, stride 131072
2026-06-30 21:44:07,973 | WARNING | Failed to download image for message 26702 in lobelia4cosmetics: Cannot send requests while disconnected
2026-06-30 21:44:07,977 | INFO | Starting direct file download in chunks of 131072 at 0, stride 131072
2026-06-30 21:44:07,978 | WARNING | Failed to download image for message 26701 in lobelia4cosmetics: Cannot send requests while disconnected
2026-06-30 21:44:07,982 | INFO | Starting direct file download in chunks of 131072 at 0, stride 131072
2026-06-30 21:44:07,984 | WARNING | Failed to download image for message 26700 in lobelia4cosmetics: Cannot send requests while disconnected
2026-06-30 21:44:07,988 | INFO | Starting direct file download in chunks of 131072 at 0, stride 131072
2026-06-30 21:44:07,989 | WARNING | Failed to download image for message 26699 in lobelia4cosmetics: Cannot send requests while disconnected
2026-06-30 21:44:07,989 | INFO |   lobelia4cosmetics: 50 messages scraped so far
2026-06-30 21:44:07,994 | INFO | Starting direct file download in chunks of 131072 at 0, stride 131072
2026-06-30 21:44:07,995 | WARNING | Failed to download image for message 26698 in lobelia4cosmetics: Cannot send requests while disconnected
2026-06-30 21:44:08,000 | INFO | Starting direct file download in chunks of 131072 at 0, stride 131072
2026-06-30 21:44:08,005 | WARNING | Failed to download image for message 26697 in lobelia4cosmetics: Cannot send requests while disconnected
2026-06-30 21:44:08,009 | INFO | Starting direct file download in chunks of 131072 at 0, stride 131072
2026-06-30 21:44:08,011 | WARNING | Failed to download image for message 26696 in lobelia4cosmetics: Cannot send requests while disconnected
2026-06-30 21:44:08,016 | INFO | Starting direct file download in chunks of 131072 at 0, stride 131072
2026-06-30 21:44:08,018 | WARNING | Failed to download image for message 26695 in lobelia4cosmetics: Cannot send requests while disconnected
2026-06-30 21:44:08,022 | INFO | Starting direct file download in chunks of 131072 at 0, stride 131072
2026-06-30 21:44:08,022 | WARNING | Failed to download image for message 26694 in lobelia4cosmetics: Cannot send requests while disconnected
2026-06-30 21:44:08,027 | INFO | Starting direct file download in chunks of 131072 at 0, stride 131072
2026-06-30 21:44:08,028 | WARNING | Failed to download image for message 26693 in lobelia4cosmetics: Cannot send requests while disconnected
2026-06-30 21:44:08,036 | INFO | Starting direct file download in chunks of 131072 at 0, stride 131072
2026-06-30 21:44:08,037 | WARNING | Failed to download image for message 26692 in lobelia4cosmetics: Cannot send requests while disconnected
2026-06-30 21:44:08,058 | INFO | Starting direct file download in chunks of 131072 at 0, stride 131072
2026-06-30 21:44:08,061 | WARNING | Failed to download image for message 26691 in lobelia4cosmetics: Cannot send requests while disconnected
2026-06-30 21:44:08,065 | INFO | Starting direct file download in chunks of 131072 at 0, stride 131072
2026-06-30 21:44:08,066 | WARNING | Failed to download image for message 26690 in lobelia4cosmetics: Cannot send requests while disconnected
2026-06-30 21:44:08,071 | INFO | Starting direct file download in chunks of 131072 at 0, stride 131072
2026-06-30 21:44:08,072 | WARNING | Failed to download image for message 26689 in lobelia4cosmetics: Cannot send requests while disconnected
2026-06-30 21:44:08,078 | INFO | Starting direct file download in chunks of 131072 at 0, stride 131072
2026-06-30 21:44:08,081 | WARNING | Failed to download image for message 26688 in lobelia4cosmetics: Cannot send requests while disconnected
2026-06-30 21:44:08,086 | INFO | Starting direct file download in chunks of 131072 at 0, stride 131072
2026-06-30 21:44:08,087 | WARNING | Failed to download image for message 26687 in lobelia4cosmetics: Cannot send requests while disconnected
2026-06-30 21:44:08,091 | INFO | Starting direct file download in chunks of 131072 at 0, stride 131072
2026-06-30 21:44:08,091 | WARNING | Failed to download image for message 26686 in lobelia4cosmetics: Cannot send requests while disconnected
2026-06-30 21:44:08,096 | INFO | Starting direct file download in chunks of 131072 at 0, stride 131072
2026-06-30 21:44:08,097 | WARNING | Failed to download image for message 26685 in lobelia4cosmetics: Cannot send requests while disconnected
2026-06-30 21:44:08,101 | INFO | Starting direct file download in chunks of 131072 at 0, stride 131072
2026-06-30 21:44:08,102 | WARNING | Failed to download image for message 26684 in lobelia4cosmetics: Cannot send requests while disconnected
2026-06-30 21:44:08,107 | INFO | Starting direct file download in chunks of 131072 at 0, stride 131072
2026-06-30 21:44:08,108 | WARNING | Failed to download image for message 26683 in lobelia4cosmetics: Cannot send requests while disconnected
2026-06-30 21:44:08,112 | INFO | Starting direct file download in chunks of 131072 at 0, stride 131072
2026-06-30 21:44:08,113 | WARNING | Failed to download image for message 26682 in lobelia4cosmetics: Cannot send requests while disconnected
2026-06-30 21:44:08,118 | INFO | Starting direct file download in chunks of 131072 at 0, stride 131072
2026-06-30 21:44:08,118 | WARNING | Failed to download image for message 26681 in lobelia4cosmetics: Cannot send requests while disconnected
2026-06-30 21:44:08,122 | INFO | Starting direct file download in chunks of 131072 at 0, stride 131072
2026-06-30 21:44:08,123 | WARNING | Failed to download image for message 26680 in lobelia4cosmetics: Cannot send requests while disconnected
2026-06-30 21:44:08,128 | INFO | Starting direct file download in chunks of 131072 at 0, stride 131072
2026-06-30 21:44:08,129 | WARNING | Failed to download image for message 26679 in lobelia4cosmetics: Cannot send requests while disconnected
2026-06-30 21:44:08,134 | INFO | Starting direct file download in chunks of 131072 at 0, stride 131072
2026-06-30 21:44:08,135 | WARNING | Failed to download image for message 26678 in lobelia4cosmetics: Cannot send requests while disconnected
2026-06-30 21:44:08,139 | INFO | Starting direct file download in chunks of 131072 at 0, stride 131072
2026-06-30 21:44:08,140 | WARNING | Failed to download image for message 26677 in lobelia4cosmetics: Cannot send requests while disconnected
2026-06-30 21:44:08,144 | INFO | Starting direct file download in chunks of 131072 at 0, stride 131072
2026-06-30 21:44:08,145 | WARNING | Failed to download image for message 26676 in lobelia4cosmetics: Cannot send requests while disconnected
2026-06-30 21:44:08,150 | INFO | Starting direct file download in chunks of 131072 at 0, stride 131072
2026-06-30 21:44:08,151 | WARNING | Failed to download image for message 26675 in lobelia4cosmetics: Cannot send requests while disconnected
2026-06-30 21:44:08,155 | INFO | Starting direct file download in chunks of 131072 at 0, stride 131072
2026-06-30 21:44:08,156 | WARNING | Failed to download image for message 26674 in lobelia4cosmetics: Cannot send requests while disconnected
2026-06-30 21:44:08,161 | INFO | Starting direct file download in chunks of 131072 at 0, stride 131072
2026-06-30 21:44:08,162 | WARNING | Failed to download image for message 26673 in lobelia4cosmetics: Cannot send requests while disconnected
2026-06-30 21:44:08,191 | INFO | Starting direct file download in chunks of 131072 at 0, stride 131072
2026-06-30 21:44:08,192 | WARNING | Failed to download image for message 26672 in lobelia4cosmetics: Cannot send requests while disconnected
2026-06-30 21:44:08,195 | INFO | Starting direct file download in chunks of 131072 at 0, stride 131072
2026-06-30 21:44:08,196 | WARNING | Failed to download image for message 26671 in lobelia4cosmetics: Cannot send requests while disconnected
2026-06-30 21:44:08,199 | INFO | Starting direct file download in chunks of 131072 at 0, stride 131072
2026-06-30 21:44:08,199 | WARNING | Failed to download image for message 26670 in lobelia4cosmetics: Cannot send requests while disconnected
2026-06-30 21:44:08,204 | INFO | Starting direct file download in chunks of 131072 at 0, stride 131072
2026-06-30 21:44:08,205 | WARNING | Failed to download image for message 26669 in lobelia4cosmetics: Cannot send requests while disconnected
2026-06-30 21:44:08,209 | INFO | Starting direct file download in chunks of 131072 at 0, stride 131072
2026-06-30 21:44:08,210 | WARNING | Failed to download image for message 26668 in lobelia4cosmetics: Cannot send requests while disconnected
2026-06-30 21:44:08,214 | INFO | Starting direct file download in chunks of 131072 at 0, stride 131072
2026-06-30 21:44:08,215 | WARNING | Failed to download image for message 26667 in lobelia4cosmetics: Cannot send requests while disconnected
2026-06-30 21:44:08,219 | INFO | Starting direct file download in chunks of 131072 at 0, stride 131072
2026-06-30 21:44:08,221 | WARNING | Failed to download image for message 26666 in lobelia4cosmetics: Cannot send requests while disconnected
2026-06-30 21:44:08,226 | INFO | Starting direct file download in chunks of 131072 at 0, stride 131072
2026-06-30 21:44:08,227 | WARNING | Failed to download image for message 26665 in lobelia4cosmetics: Cannot send requests while disconnected
2026-06-30 21:44:08,231 | INFO | Starting direct file download in chunks of 131072 at 0, stride 131072
2026-06-30 21:44:08,232 | WARNING | Failed to download image for message 26664 in lobelia4cosmetics: Cannot send requests while disconnected
2026-06-30 21:44:08,240 | INFO | Starting direct file download in chunks of 131072 at 0, stride 131072
2026-06-30 21:44:08,240 | WARNING | Failed to download image for message 26663 in lobelia4cosmetics: Cannot send requests while disconnected
2026-06-30 21:44:08,244 | INFO | Starting direct file download in chunks of 131072 at 0, stride 131072
2026-06-30 21:44:08,245 | WARNING | Failed to download image for message 26662 in lobelia4cosmetics: Cannot send requests while disconnected
2026-06-30 21:44:08,249 | INFO | Starting direct file download in chunks of 131072 at 0, stride 131072
2026-06-30 21:44:08,251 | WARNING | Failed to download image for message 26661 in lobelia4cosmetics: Cannot send requests while disconnected
2026-06-30 21:44:08,257 | INFO | Starting direct file download in chunks of 131072 at 0, stride 131072
2026-06-30 21:44:08,258 | WARNING | Failed to download image for message 26660 in lobelia4cosmetics: Cannot send requests while disconnected
2026-06-30 21:44:08,262 | INFO | Starting direct file download in chunks of 131072 at 0, stride 131072
2026-06-30 21:44:08,264 | WARNING | Failed to download image for message 26659 in lobelia4cosmetics: Cannot send requests while disconnected
2026-06-30 21:44:08,269 | INFO | Starting direct file download in chunks of 131072 at 0, stride 131072
2026-06-30 21:44:08,271 | WARNING | Failed to download image for message 26658 in lobelia4cosmetics: Cannot send requests while disconnected
2026-06-30 21:44:08,277 | INFO | Starting direct file download in chunks of 131072 at 0, stride 131072
2026-06-30 21:44:08,278 | WARNING | Failed to download image for message 26657 in lobelia4cosmetics: Cannot send requests while disconnected
2026-06-30 21:44:08,284 | INFO | Starting direct file download in chunks of 131072 at 0, stride 131072
2026-06-30 21:44:08,285 | WARNING | Failed to download image for message 26656 in lobelia4cosmetics: Cannot send requests while disconnected
2026-06-30 21:44:08,290 | INFO | Starting direct file download in chunks of 131072 at 0, stride 131072
2026-06-30 21:44:08,291 | WARNING | Failed to download image for message 26655 in lobelia4cosmetics: Cannot send requests while disconnected
2026-06-30 21:44:08,296 | INFO | Starting direct file download in chunks of 131072 at 0, stride 131072
2026-06-30 21:44:08,298 | WARNING | Failed to download image for message 26654 in lobelia4cosmetics: Cannot send requests while disconnected
2026-06-30 21:44:08,382 | INFO | Starting direct file download in chunks of 131072 at 0, stride 131072
2026-06-30 21:44:08,382 | WARNING | Failed to download image for message 26653 in lobelia4cosmetics: Cannot send requests while disconnected
2026-06-30 21:44:08,388 | INFO | Starting direct file download in chunks of 131072 at 0, stride 131072
2026-06-30 21:44:08,388 | WARNING | Failed to download image for message 26652 in lobelia4cosmetics: Cannot send requests while disconnected
2026-06-30 21:44:08,393 | INFO | Starting direct file download in chunks of 131072 at 0, stride 131072
2026-06-30 21:44:08,397 | WARNING | Failed to download image for message 26651 in lobelia4cosmetics: Cannot send requests while disconnected
2026-06-30 21:44:08,404 | INFO | Starting direct file download in chunks of 131072 at 0, stride 131072
2026-06-30 21:44:08,406 | WARNING | Failed to download image for message 26650 in lobelia4cosmetics: Cannot send requests while disconnected
2026-06-30 21:44:08,410 | INFO | Starting direct file download in chunks of 131072 at 0, stride 131072
2026-06-30 21:44:08,411 | WARNING | Failed to download image for message 26649 in lobelia4cosmetics: Cannot send requests while disconnected
2026-06-30 21:44:08,412 | INFO |   lobelia4cosmetics: 100 messages scraped so far
2026-06-30 21:44:08,414 | ERROR | ConnectionError exception in shielded future
future: <Future finished exception=ConnectionError('Connection to Telegram failed 5 time(s)')>
Traceback (most recent call last):
  File "C:\Users\HP\OneDrive\Desktop\10 ACADAMY FILES\medical-telegram-warehouse-\src\scraper.py", line 103, in scrape_channel
    await client.download_media(message, file=str(image_path))
  File "C:\Users\HP\AppData\Roaming\Python\Python314\site-packages\telethon\client\downloads.py", line 418, in download_media
    return await self._download_photo(
           ^^^^^^^^^^^^^^^^^^^^^^^^^^^
        media, file, date, thumb, progress_callback
        ^^^^^^^^^^^^^^^^^^^^^^^^^^^^^^^^^^^^^^^^^^^
    )
    ^
  File "C:\Users\HP\AppData\Roaming\Python\Python314\site-packages\telethon\client\downloads.py", line 834, in _download_photo
    result = await self.download_file(
             ^^^^^^^^^^^^^^^^^^^^^^^^^
    ...<9 lines>...
    )
    ^
  File "C:\Users\HP\AppData\Roaming\Python\Python314\site-packages\telethon\client\downloads.py", line 497, in download_file
    return await self._download_file(
           ^^^^^^^^^^^^^^^^^^^^^^^^^^
    ...<8 lines>...
    )
    ^
  File "C:\Users\HP\AppData\Roaming\Python\Python314\site-packages\telethon\client\downloads.py", line 545, in _download_file
    async for chunk in self._iter_download(
    ...<10 lines>...
                await r
  File "C:\Users\HP\AppData\Roaming\Python\Python314\site-packages\telethon\requestiter.py", line 74, in __anext__
    if await self._load_next_chunk():
       ^^^^^^^^^^^^^^^^^^^^^^^^^^^^^
  File "C:\Users\HP\AppData\Roaming\Python\Python314\site-packages\telethon\client\downloads.py", line 66, in _load_next_chunk
    cur = await self._request()
          ^^^^^^^^^^^^^^^^^^^^^
  File "C:\Users\HP\AppData\Roaming\Python\Python314\site-packages\telethon\client\downloads.py", line 76, in _request
    result = await self.client._call(self._sender, self.request)
             ^^^^^^^^^^^^^^^^^^^^^^^^^^^^^^^^^^^^^^^^^^^^^^^^^^^
  File "C:\Users\HP\AppData\Roaming\Python\Python314\site-packages\telethon\client\users.py", line 87, in _call
    result = await future
             ^^^^^^^^^^^^
ConnectionError: Connection to Telegram failed 5 time(s)
2026-06-30 22:12:29,007 | INFO | Connecting to 149.154.167.91:443/TcpFull...
2026-06-30 22:12:29,113 | INFO | Connection to 149.154.167.91:443/TcpFull complete!
2026-06-30 22:12:31,066 | INFO | Telegram client authenticated successfully.
2026-06-30 22:12:31,066 | INFO | Starting scrape for channel: CheMed123
2026-06-30 22:12:34,197 | INFO | Starting direct file download in chunks of 131072 at 0, stride 131072
2026-06-30 22:12:36,361 | INFO | Starting direct file download in chunks of 131072 at 0, stride 131072
2026-06-30 22:12:40,717 | INFO | Starting direct file download in chunks of 131072 at 0, stride 131072
2026-06-30 22:12:43,390 | INFO | Starting direct file download in chunks of 131072 at 0, stride 131072
2026-06-30 22:12:46,171 | INFO | Starting direct file download in chunks of 131072 at 0, stride 131072
2026-06-30 22:12:49,489 | INFO | Starting direct file download in chunks of 131072 at 0, stride 131072
2026-06-30 22:12:55,133 | INFO | Starting direct file download in chunks of 131072 at 0, stride 131072
2026-06-30 22:12:58,260 | INFO | Starting direct file download in chunks of 131072 at 0, stride 131072
2026-06-30 22:13:04,746 | INFO | Starting direct file download in chunks of 131072 at 0, stride 131072
2026-06-30 22:13:11,440 | INFO | Starting direct file download in chunks of 131072 at 0, stride 131072
2026-06-30 22:13:18,360 | INFO | Starting direct file download in chunks of 131072 at 0, stride 131072
2026-06-30 22:13:25,013 | INFO | Starting direct file download in chunks of 131072 at 0, stride 131072
2026-06-30 22:13:28,508 | INFO | Starting direct file download in chunks of 131072 at 0, stride 131072
2026-06-30 22:13:32,167 | INFO | Starting direct file download in chunks of 131072 at 0, stride 131072
2026-06-30 22:13:39,405 | INFO | Starting direct file download in chunks of 131072 at 0, stride 131072
2026-06-30 22:13:53,652 | INFO | Starting direct file download in chunks of 131072 at 0, stride 131072
2026-06-30 22:14:01,156 | INFO | Starting direct file download in chunks of 131072 at 0, stride 131072
2026-06-30 22:14:09,295 | INFO | Starting direct file download in chunks of 131072 at 0, stride 131072
2026-06-30 22:14:16,436 | INFO | Starting direct file download in chunks of 131072 at 0, stride 131072
2026-06-30 22:14:22,926 | INFO | Starting direct file download in chunks of 131072 at 0, stride 131072
2026-06-30 22:14:30,141 | INFO | Starting direct file download in chunks of 131072 at 0, stride 131072
2026-06-30 22:14:35,170 | INFO | Starting direct file download in chunks of 131072 at 0, stride 131072
2026-06-30 22:14:42,591 | INFO | Starting direct file download in chunks of 131072 at 0, stride 131072
2026-06-30 22:14:51,055 | INFO | Starting direct file download in chunks of 131072 at 0, stride 131072
2026-06-30 22:14:58,240 | INFO | Starting direct file download in chunks of 131072 at 0, stride 131072
2026-06-30 22:15:04,203 | INFO | Starting direct file download in chunks of 131072 at 0, stride 131072
2026-06-30 22:15:07,607 | INFO | Starting direct file download in chunks of 131072 at 0, stride 131072
2026-06-30 22:15:12,338 | INFO | Starting direct file download in chunks of 131072 at 0, stride 131072
2026-06-30 22:15:14,562 | INFO | Starting direct file download in chunks of 131072 at 0, stride 131072
2026-06-30 22:15:20,878 | INFO | Starting direct file download in chunks of 131072 at 0, stride 131072
2026-06-30 22:15:27,038 | INFO | Starting direct file download in chunks of 131072 at 0, stride 131072
2026-06-30 22:15:32,213 | INFO | Starting direct file download in chunks of 131072 at 0, stride 131072
2026-06-30 22:15:35,684 | INFO | Starting direct file download in chunks of 131072 at 0, stride 131072
2026-06-30 22:15:40,114 | INFO | Starting direct file download in chunks of 131072 at 0, stride 131072
2026-06-30 22:15:44,051 | INFO | Starting direct file download in chunks of 131072 at 0, stride 131072
2026-06-30 22:15:54,487 | INFO | Starting direct file download in chunks of 131072 at 0, stride 131072
2026-06-30 22:16:01,216 | INFO | Starting direct file download in chunks of 131072 at 0, stride 131072
2026-06-30 22:16:09,155 | INFO | Starting direct file download in chunks of 131072 at 0, stride 131072
2026-06-30 22:16:13,409 | INFO | Starting direct file download in chunks of 131072 at 0, stride 131072
2026-06-30 22:16:19,171 | INFO | Starting direct file download in chunks of 131072 at 0, stride 131072
2026-06-30 22:16:24,649 | INFO | Starting direct file download in chunks of 131072 at 0, stride 131072
2026-06-30 22:16:29,689 | INFO | Starting direct file download in chunks of 131072 at 0, stride 131072
2026-06-30 22:16:34,525 | INFO | Starting direct file download in chunks of 131072 at 0, stride 131072
2026-06-30 22:16:42,482 | INFO | Starting direct file download in chunks of 131072 at 0, stride 131072
2026-06-30 22:16:47,552 | INFO | Starting direct file download in chunks of 131072 at 0, stride 131072
2026-06-30 22:16:56,030 | INFO |   CheMed123: 50 messages scraped so far
2026-06-30 22:16:56,034 | INFO | Starting direct file download in chunks of 131072 at 0, stride 131072
2026-06-30 22:17:02,252 | INFO | Starting direct file download in chunks of 131072 at 0, stride 131072
2026-06-30 22:17:07,053 | INFO | Starting direct file download in chunks of 131072 at 0, stride 131072
2026-06-30 22:17:11,091 | INFO | Starting direct file download in chunks of 131072 at 0, stride 131072
2026-06-30 22:17:16,460 | INFO | Starting direct file download in chunks of 131072 at 0, stride 131072
2026-06-30 22:17:19,577 | INFO | Starting direct file download in chunks of 131072 at 0, stride 131072
2026-06-30 22:17:27,540 | INFO | Starting direct file download in chunks of 131072 at 0, stride 131072
2026-06-30 22:17:30,742 | INFO | Starting direct file download in chunks of 131072 at 0, stride 131072
2026-06-30 22:17:35,896 | INFO | Starting direct file download in chunks of 131072 at 0, stride 131072
2026-06-30 22:17:39,878 | INFO | Starting direct file download in chunks of 131072 at 0, stride 131072
2026-06-30 22:17:45,063 | INFO | Starting direct file download in chunks of 131072 at 0, stride 131072
2026-06-30 22:18:01,549 | INFO | Starting direct file download in chunks of 131072 at 0, stride 131072
2026-06-30 22:18:19,900 | INFO | Starting direct file download in chunks of 131072 at 0, stride 131072
2026-06-30 22:18:31,477 | INFO | Starting direct file download in chunks of 131072 at 0, stride 131072
2026-06-30 22:18:39,065 | INFO | Starting direct file download in chunks of 131072 at 0, stride 131072
2026-06-30 22:18:45,504 | INFO | Starting direct file download in chunks of 131072 at 0, stride 131072
2026-06-30 22:18:55,428 | INFO | Starting direct file download in chunks of 131072 at 0, stride 131072
2026-06-30 22:19:06,355 | INFO | Starting direct file download in chunks of 131072 at 0, stride 131072
2026-06-30 22:19:11,096 | INFO | Starting direct file download in chunks of 131072 at 0, stride 131072
2026-06-30 22:19:16,541 | INFO | Starting direct file download in chunks of 131072 at 0, stride 131072
2026-06-30 22:19:18,350 | INFO | Starting direct file download in chunks of 131072 at 0, stride 131072
2026-06-30 22:19:21,108 | INFO | Starting direct file download in chunks of 131072 at 0, stride 131072
2026-06-30 22:19:22,976 | INFO | Finished CheMed123: 76 messages total
2026-06-30 22:19:23,046 | INFO | Wrote 76 messages to C:\Users\HP\OneDrive\Desktop\10 ACADAMY FILES\medical-telegram-warehouse-\data\raw\telegram_messages\2026-06-30\CheMed123.json
2026-06-30 22:19:23,046 | INFO | Starting scrape for channel: lobelia4cosmetics
2026-06-30 22:19:25,733 | INFO | Starting direct file download in chunks of 131072 at 0, stride 131072
2026-06-30 22:19:31,616 | INFO | Starting direct file download in chunks of 131072 at 0, stride 131072
2026-06-30 22:19:33,999 | INFO | Starting direct file download in chunks of 131072 at 0, stride 131072
2026-06-30 22:19:35,275 | INFO | Starting direct file download in chunks of 131072 at 0, stride 131072
2026-06-30 22:19:37,347 | INFO | Starting direct file download in chunks of 131072 at 0, stride 131072
2026-06-30 22:20:01,665 | INFO | Starting direct file download in chunks of 131072 at 0, stride 131072
2026-06-30 22:20:06,869 | INFO | Starting direct file download in chunks of 131072 at 0, stride 131072
2026-06-30 22:20:11,004 | INFO | Starting direct file download in chunks of 131072 at 0, stride 131072
2026-06-30 22:20:12,358 | INFO | Starting direct file download in chunks of 131072 at 0, stride 131072
2026-06-30 22:20:15,353 | INFO | Starting direct file download in chunks of 131072 at 0, stride 131072
2026-06-30 22:20:19,060 | INFO | Starting direct file download in chunks of 131072 at 0, stride 131072
2026-06-30 22:20:22,921 | INFO | Starting direct file download in chunks of 131072 at 0, stride 131072
2026-06-30 22:20:24,412 | INFO | Starting direct file download in chunks of 131072 at 0, stride 131072
2026-06-30 22:20:26,733 | INFO | Starting direct file download in chunks of 131072 at 0, stride 131072
2026-06-30 22:20:31,944 | INFO | Starting direct file download in chunks of 131072 at 0, stride 131072
2026-06-30 22:21:04,968 | INFO | Starting direct file download in chunks of 131072 at 0, stride 131072
2026-06-30 22:21:08,568 | INFO | Starting direct file download in chunks of 131072 at 0, stride 131072
2026-06-30 22:21:13,293 | INFO | Starting direct file download in chunks of 131072 at 0, stride 131072
2026-06-30 22:21:16,809 | INFO | Starting direct file download in chunks of 131072 at 0, stride 131072
2026-06-30 22:21:21,690 | INFO | Starting direct file download in chunks of 131072 at 0, stride 131072
2026-06-30 22:21:22,845 | INFO | Starting direct file download in chunks of 131072 at 0, stride 131072
2026-06-30 22:21:57,477 | INFO | Starting direct file download in chunks of 131072 at 0, stride 131072
2026-06-30 22:22:01,115 | INFO | Starting direct file download in chunks of 131072 at 0, stride 131072
2026-06-30 22:22:04,350 | INFO | Starting direct file download in chunks of 131072 at 0, stride 131072
2026-06-30 22:22:07,254 | INFO | Starting direct file download in chunks of 131072 at 0, stride 131072
2026-06-30 22:22:11,144 | INFO | Starting direct file download in chunks of 131072 at 0, stride 131072
2026-06-30 22:22:14,965 | INFO | Starting direct file download in chunks of 131072 at 0, stride 131072
2026-06-30 22:22:21,409 | INFO | Starting direct file download in chunks of 131072 at 0, stride 131072
2026-06-30 22:22:23,449 | INFO | Starting direct file download in chunks of 131072 at 0, stride 131072
2026-06-30 22:22:28,225 | INFO | Starting direct file download in chunks of 131072 at 0, stride 131072
2026-06-30 22:22:35,137 | INFO | Starting direct file download in chunks of 131072 at 0, stride 131072
2026-06-30 22:22:41,340 | INFO | Starting direct file download in chunks of 131072 at 0, stride 131072
2026-06-30 22:22:43,014 | INFO | Starting direct file download in chunks of 131072 at 0, stride 131072
2026-06-30 22:22:48,017 | INFO | Starting direct file download in chunks of 131072 at 0, stride 131072
2026-06-30 22:22:52,734 | INFO | Starting direct file download in chunks of 131072 at 0, stride 131072
2026-06-30 22:23:01,741 | INFO | Starting direct file download in chunks of 131072 at 0, stride 131072
2026-06-30 22:23:06,344 | INFO | Starting direct file download in chunks of 131072 at 0, stride 131072
2026-06-30 22:23:11,213 | INFO | Starting direct file download in chunks of 131072 at 0, stride 131072
2026-06-30 22:23:14,812 | INFO | Starting direct file download in chunks of 131072 at 0, stride 131072
2026-06-30 22:23:16,874 | INFO | Starting direct file download in chunks of 131072 at 0, stride 131072
2026-06-30 22:23:19,687 | INFO | Starting direct file download in chunks of 131072 at 0, stride 131072
2026-06-30 22:23:23,135 | INFO | Starting direct file download in chunks of 131072 at 0, stride 131072
2026-06-30 22:23:26,589 | INFO | Starting direct file download in chunks of 131072 at 0, stride 131072
2026-06-30 22:23:28,272 | INFO | Starting direct file download in chunks of 131072 at 0, stride 131072
2026-06-30 22:23:35,382 | INFO | Starting direct file download in chunks of 131072 at 0, stride 131072
2026-06-30 22:23:41,124 | INFO | Starting direct file download in chunks of 131072 at 0, stride 131072
2026-06-30 22:23:43,115 | INFO | Starting direct file download in chunks of 131072 at 0, stride 131072
2026-06-30 22:23:50,966 | INFO | Starting direct file download in chunks of 131072 at 0, stride 131072
2026-06-30 22:23:57,670 | INFO | Starting direct file download in chunks of 131072 at 0, stride 131072
2026-06-30 22:24:05,027 | INFO | Starting direct file download in chunks of 131072 at 0, stride 131072
2026-06-30 22:24:09,699 | INFO |   lobelia4cosmetics: 50 messages scraped so far
2026-06-30 22:24:09,703 | INFO | Starting direct file download in chunks of 131072 at 0, stride 131072
2026-06-30 22:24:11,826 | INFO | Starting direct file download in chunks of 131072 at 0, stride 131072
2026-06-30 22:24:21,875 | INFO | Starting direct file download in chunks of 131072 at 0, stride 131072
2026-06-30 22:24:28,178 | INFO | Starting direct file download in chunks of 131072 at 0, stride 131072
2026-06-30 22:24:31,088 | INFO | Starting direct file download in chunks of 131072 at 0, stride 131072
2026-06-30 22:24:38,258 | INFO | Starting direct file download in chunks of 131072 at 0, stride 131072
2026-06-30 22:24:44,471 | INFO | Starting direct file download in chunks of 131072 at 0, stride 131072
2026-06-30 22:26:15,548 | INFO | Starting direct file download in chunks of 131072 at 0, stride 131072
2026-06-30 22:26:29,556 | INFO | Starting direct file download in chunks of 131072 at 0, stride 131072
2026-06-30 22:26:36,245 | INFO | Starting direct file download in chunks of 131072 at 0, stride 131072
2026-06-30 22:26:45,721 | INFO | Starting direct file download in chunks of 131072 at 0, stride 131072
2026-06-30 22:26:48,880 | INFO | Starting direct file download in chunks of 131072 at 0, stride 131072
2026-06-30 22:26:50,699 | INFO | Starting direct file download in chunks of 131072 at 0, stride 131072
2026-06-30 22:26:55,722 | INFO | Starting direct file download in chunks of 131072 at 0, stride 131072
2026-06-30 22:26:59,604 | INFO | Starting direct file download in chunks of 131072 at 0, stride 131072
2026-06-30 22:27:01,368 | INFO | Starting direct file download in chunks of 131072 at 0, stride 131072
2026-06-30 22:27:06,717 | INFO | Starting direct file download in chunks of 131072 at 0, stride 131072
2026-06-30 22:27:13,678 | INFO | Starting direct file download in chunks of 131072 at 0, stride 131072
2026-06-30 22:27:16,012 | INFO | Starting direct file download in chunks of 131072 at 0, stride 131072
2026-06-30 22:27:24,146 | INFO | Starting direct file download in chunks of 131072 at 0, stride 131072
2026-06-30 22:27:37,212 | INFO | Starting direct file download in chunks of 131072 at 0, stride 131072
2026-06-30 22:27:37,255 | INFO | Got difference for channel 1720495370 updates
2026-06-30 22:27:42,933 | INFO | Starting direct file download in chunks of 131072 at 0, stride 131072
2026-06-30 22:27:47,710 | INFO | Starting direct file download in chunks of 131072 at 0, stride 131072
2026-06-30 22:27:49,950 | INFO | Starting direct file download in chunks of 131072 at 0, stride 131072
2026-06-30 22:27:57,930 | INFO | Starting direct file download in chunks of 131072 at 0, stride 131072
2026-06-30 22:28:00,101 | INFO | Starting direct file download in chunks of 131072 at 0, stride 131072
2026-06-30 22:28:07,110 | INFO | Starting direct file download in chunks of 131072 at 0, stride 131072
2026-06-30 22:28:14,127 | INFO | Starting direct file download in chunks of 131072 at 0, stride 131072
2026-06-30 22:28:15,469 | INFO | Starting direct file download in chunks of 131072 at 0, stride 131072
2026-06-30 22:28:18,999 | INFO | Starting direct file download in chunks of 131072 at 0, stride 131072
2026-06-30 22:28:23,373 | INFO | Starting direct file download in chunks of 131072 at 0, stride 131072
2026-06-30 22:29:04,680 | INFO | Starting direct file download in chunks of 131072 at 0, stride 131072
2026-06-30 22:29:10,136 | INFO | Starting direct file download in chunks of 131072 at 0, stride 131072
2026-06-30 22:29:19,000 | INFO | Starting direct file download in chunks of 131072 at 0, stride 131072
2026-06-30 22:29:22,706 | INFO | Starting direct file download in chunks of 131072 at 0, stride 131072
2026-06-30 22:29:33,192 | INFO | Starting direct file download in chunks of 131072 at 0, stride 131072
2026-06-30 22:29:37,023 | INFO | Starting direct file download in chunks of 131072 at 0, stride 131072
2026-06-30 22:29:46,314 | INFO | Starting direct file download in chunks of 131072 at 0, stride 131072
2026-06-30 22:29:59,388 | INFO | Starting direct file download in chunks of 131072 at 0, stride 131072
2026-06-30 22:30:04,887 | INFO | Starting direct file download in chunks of 131072 at 0, stride 131072
2026-06-30 22:30:05,528 | INFO | Starting direct file download in chunks of 131072 at 0, stride 131072
2026-06-30 22:30:13,502 | INFO | Starting direct file download in chunks of 131072 at 0, stride 131072
2026-06-30 22:30:21,463 | INFO | Starting direct file download in chunks of 131072 at 0, stride 131072
2026-06-30 22:30:26,266 | INFO | Starting direct file download in chunks of 131072 at 0, stride 131072
2026-06-30 22:30:28,839 | INFO | Starting direct file download in chunks of 131072 at 0, stride 131072
2026-06-30 22:30:36,154 | INFO | Starting direct file download in chunks of 131072 at 0, stride 131072
2026-06-30 22:30:49,002 | INFO | Starting direct file download in chunks of 131072 at 0, stride 131072
2026-06-30 22:30:54,418 | INFO | Starting direct file download in chunks of 131072 at 0, stride 131072
2026-06-30 22:30:56,664 | INFO | Starting direct file download in chunks of 131072 at 0, stride 131072
2026-06-30 22:31:02,790 | INFO | Starting direct file download in chunks of 131072 at 0, stride 131072
2026-06-30 22:31:43,546 | INFO |   lobelia4cosmetics: 100 messages scraped so far
2026-06-30 22:31:45,338 | INFO | Starting direct file download in chunks of 131072 at 0, stride 131072
2026-06-30 22:31:47,941 | INFO | Starting direct file download in chunks of 131072 at 0, stride 131072
2026-06-30 22:31:52,956 | INFO | Starting direct file download in chunks of 131072 at 0, stride 131072
2026-06-30 22:31:56,560 | INFO | Starting direct file download in chunks of 131072 at 0, stride 131072
2026-06-30 22:31:59,700 | INFO | Starting direct file download in chunks of 131072 at 0, stride 131072
2026-06-30 22:32:03,416 | INFO | Starting direct file download in chunks of 131072 at 0, stride 131072
2026-06-30 22:32:08,410 | INFO | Starting direct file download in chunks of 131072 at 0, stride 131072
2026-06-30 22:32:10,934 | INFO | Starting direct file download in chunks of 131072 at 0, stride 131072
2026-06-30 22:32:16,290 | INFO | Starting direct file download in chunks of 131072 at 0, stride 131072
2026-06-30 22:32:21,135 | INFO | Starting direct file download in chunks of 131072 at 0, stride 131072
2026-06-30 22:32:23,977 | INFO | Starting direct file download in chunks of 131072 at 0, stride 131072
2026-06-30 22:32:24,392 | INFO | Starting direct file download in chunks of 131072 at 0, stride 131072
2026-06-30 22:32:27,857 | INFO | Starting direct file download in chunks of 131072 at 0, stride 131072
2026-06-30 22:32:32,168 | INFO | Starting direct file download in chunks of 131072 at 0, stride 131072
2026-06-30 22:32:32,977 | INFO | Starting direct file download in chunks of 131072 at 0, stride 131072
2026-06-30 22:32:35,730 | INFO | Starting direct file download in chunks of 131072 at 0, stride 131072
2026-06-30 22:32:39,449 | INFO | Starting direct file download in chunks of 131072 at 0, stride 131072
2026-06-30 22:32:41,045 | INFO | Starting direct file download in chunks of 131072 at 0, stride 131072
2026-06-30 22:32:43,365 | INFO | Starting direct file download in chunks of 131072 at 0, stride 131072
2026-06-30 22:32:46,605 | INFO | Starting direct file download in chunks of 131072 at 0, stride 131072
2026-06-30 22:32:52,046 | INFO | Starting direct file download in chunks of 131072 at 0, stride 131072
2026-06-30 22:32:55,981 | INFO | Starting direct file download in chunks of 131072 at 0, stride 131072
2026-06-30 22:33:30,383 | INFO | Starting direct file download in chunks of 131072 at 0, stride 131072
2026-06-30 22:33:37,046 | INFO | Starting direct file download in chunks of 131072 at 0, stride 131072
2026-06-30 22:33:41,976 | INFO | Starting direct file download in chunks of 131072 at 0, stride 131072
2026-06-30 22:33:46,023 | INFO | Starting direct file download in chunks of 131072 at 0, stride 131072
2026-06-30 22:33:50,470 | INFO | Starting direct file download in chunks of 131072 at 0, stride 131072
2026-06-30 22:33:54,199 | INFO | Starting direct file download in chunks of 131072 at 0, stride 131072
2026-06-30 22:33:58,674 | INFO | Starting direct file download in chunks of 131072 at 0, stride 131072
2026-06-30 22:34:02,813 | INFO | Starting direct file download in chunks of 131072 at 0, stride 131072
2026-06-30 22:34:07,023 | INFO | Starting direct file download in chunks of 131072 at 0, stride 131072
2026-06-30 22:34:11,353 | INFO | Starting direct file download in chunks of 131072 at 0, stride 131072
2026-06-30 22:34:16,657 | INFO | Starting direct file download in chunks of 131072 at 0, stride 131072
2026-06-30 22:34:25,610 | INFO | Starting direct file download in chunks of 131072 at 0, stride 131072
2026-06-30 22:34:35,187 | INFO | Starting direct file download in chunks of 131072 at 0, stride 131072
2026-06-30 22:34:40,726 | INFO | Starting direct file download in chunks of 131072 at 0, stride 131072
2026-06-30 22:34:52,438 | INFO | Starting direct file download in chunks of 131072 at 0, stride 131072
2026-06-30 22:35:02,715 | INFO | Starting direct file download in chunks of 131072 at 0, stride 131072
2026-06-30 22:36:28,793 | INFO | Starting direct file download in chunks of 131072 at 0, stride 131072
2026-06-30 22:36:44,702 | INFO | Starting direct file download in chunks of 131072 at 0, stride 131072
2026-06-30 22:37:00,884 | INFO | Starting direct file download in chunks of 131072 at 0, stride 131072
2026-06-30 22:37:10,014 | INFO | Starting direct file download in chunks of 131072 at 0, stride 131072
2026-06-30 22:37:32,199 | INFO | Starting direct file download in chunks of 131072 at 0, stride 131072
2026-06-30 22:37:55,155 | INFO | Starting direct file download in chunks of 131072 at 0, stride 131072
2026-06-30 22:38:15,387 | INFO | Starting direct file download in chunks of 131072 at 0, stride 131072
2026-06-30 22:38:34,426 | INFO | Starting direct file download in chunks of 131072 at 0, stride 131072
2026-06-30 22:38:43,230 | INFO | Starting direct file download in chunks of 131072 at 0, stride 131072
2026-06-30 22:38:44,373 | INFO | Starting direct file download in chunks of 131072 at 0, stride 131072
2026-06-30 22:38:51,090 | INFO | Starting direct file download in chunks of 131072 at 0, stride 131072
2026-06-30 22:38:59,248 | INFO | Starting direct file download in chunks of 131072 at 0, stride 131072
2026-06-30 22:39:09,238 | INFO |   lobelia4cosmetics: 150 messages scraped so far
2026-06-30 22:39:09,241 | INFO | Starting direct file download in chunks of 131072 at 0, stride 131072
2026-06-30 22:39:11,413 | INFO | Starting direct file download in chunks of 131072 at 0, stride 131072
2026-06-30 22:39:21,805 | INFO | Starting direct file download in chunks of 131072 at 0, stride 131072
2026-06-30 22:39:29,100 | INFO | Starting direct file download in chunks of 131072 at 0, stride 131072
2026-06-30 22:39:44,050 | INFO | Starting direct file download in chunks of 131072 at 0, stride 131072
2026-06-30 22:39:47,866 | INFO | Starting direct file download in chunks of 131072 at 0, stride 131072
2026-06-30 22:39:49,405 | INFO | Starting direct file download in chunks of 131072 at 0, stride 131072
2026-06-30 22:39:54,469 | INFO | Starting direct file download in chunks of 131072 at 0, stride 131072
2026-06-30 22:39:57,666 | INFO | Starting direct file download in chunks of 131072 at 0, stride 131072
2026-06-30 22:40:02,551 | INFO | Starting direct file download in chunks of 131072 at 0, stride 131072
2026-06-30 22:40:04,327 | INFO | Starting direct file download in chunks of 131072 at 0, stride 131072
2026-06-30 22:40:08,223 | INFO | Starting direct file download in chunks of 131072 at 0, stride 131072
2026-06-30 22:40:08,874 | INFO | Starting direct file download in chunks of 131072 at 0, stride 131072
2026-06-30 22:40:11,327 | INFO | Starting direct file download in chunks of 131072 at 0, stride 131072
2026-06-30 22:40:13,910 | INFO | Starting direct file download in chunks of 131072 at 0, stride 131072
2026-06-30 22:40:15,727 | INFO | Starting direct file download in chunks of 131072 at 0, stride 131072
2026-06-30 22:40:17,865 | INFO | Starting direct file download in chunks of 131072 at 0, stride 131072
2026-06-30 22:40:20,597 | INFO | Starting direct file download in chunks of 131072 at 0, stride 131072
2026-06-30 22:40:23,520 | INFO | Starting direct file download in chunks of 131072 at 0, stride 131072
2026-06-30 22:40:28,199 | INFO | Starting direct file download in chunks of 131072 at 0, stride 131072
2026-06-30 22:40:30,701 | INFO | Starting direct file download in chunks of 131072 at 0, stride 131072
2026-06-30 22:40:32,800 | INFO | Starting direct file download in chunks of 131072 at 0, stride 131072
2026-06-30 22:40:35,736 | INFO | Starting direct file download in chunks of 131072 at 0, stride 131072
2026-06-30 22:40:39,699 | INFO | Starting direct file download in chunks of 131072 at 0, stride 131072
2026-06-30 22:40:42,314 | INFO | Starting direct file download in chunks of 131072 at 0, stride 131072
2026-06-30 22:40:47,398 | INFO | Starting direct file download in chunks of 131072 at 0, stride 131072
2026-06-30 22:40:50,104 | INFO | Starting direct file download in chunks of 131072 at 0, stride 131072
2026-06-30 22:40:54,059 | INFO | Starting direct file download in chunks of 131072 at 0, stride 131072
2026-06-30 22:40:55,981 | INFO | Starting direct file download in chunks of 131072 at 0, stride 131072
2026-06-30 22:40:59,132 | INFO | Starting direct file download in chunks of 131072 at 0, stride 131072
2026-06-30 22:41:01,195 | INFO | Starting direct file download in chunks of 131072 at 0, stride 131072
2026-06-30 22:41:05,169 | INFO | Starting direct file download in chunks of 131072 at 0, stride 131072
2026-06-30 22:41:06,451 | INFO | Starting direct file download in chunks of 131072 at 0, stride 131072
2026-06-30 22:41:07,315 | INFO | Starting direct file download in chunks of 131072 at 0, stride 131072
2026-06-30 22:41:09,401 | INFO | Starting direct file download in chunks of 131072 at 0, stride 131072
2026-06-30 22:41:11,703 | INFO | Starting direct file download in chunks of 131072 at 0, stride 131072
2026-06-30 22:41:16,069 | INFO | Starting direct file download in chunks of 131072 at 0, stride 131072
2026-06-30 22:41:33,982 | INFO | Starting direct file download in chunks of 131072 at 0, stride 131072
2026-06-30 22:41:36,470 | INFO | Starting direct file download in chunks of 131072 at 0, stride 131072
2026-06-30 22:42:07,419 | INFO | Starting direct file download in chunks of 131072 at 0, stride 131072
2026-06-30 22:42:12,507 | INFO | Starting direct file download in chunks of 131072 at 0, stride 131072
2026-06-30 22:42:18,969 | INFO | Starting direct file download in chunks of 131072 at 0, stride 131072
2026-06-30 22:42:22,841 | INFO | Starting direct file download in chunks of 131072 at 0, stride 131072
2026-06-30 22:42:23,365 | INFO | Starting direct file download in chunks of 131072 at 0, stride 131072
2026-06-30 22:42:29,320 | INFO | Starting direct file download in chunks of 131072 at 0, stride 131072
2026-06-30 22:42:39,962 | INFO | Starting direct file download in chunks of 131072 at 0, stride 131072
2026-06-30 22:42:39,977 | INFO | Got difference for account updates
2026-06-30 22:42:45,045 | INFO | Starting direct file download in chunks of 131072 at 0, stride 131072
2026-06-30 22:42:46,049 | INFO | Starting direct file download in chunks of 131072 at 0, stride 131072
2026-06-30 22:42:46,071 | INFO | Got difference for channel 3759569498 updates
2026-06-30 22:42:52,017 | INFO | Starting direct file download in chunks of 131072 at 0, stride 131072
2026-06-30 22:42:52,058 | INFO | Got difference for channel 1397053999 updates
2026-06-30 22:42:57,754 | INFO | Starting direct file download in chunks of 131072 at 0, stride 131072
2026-06-30 22:42:59,678 | INFO |   lobelia4cosmetics: 200 messages scraped so far
2026-06-30 22:43:00,994 | INFO | Starting direct file download in chunks of 131072 at 0, stride 131072
2026-06-30 22:43:01,827 | INFO | Starting direct file download in chunks of 131072 at 0, stride 131072
2026-06-30 22:43:04,354 | INFO | Starting direct file download in chunks of 131072 at 0, stride 131072
2026-06-30 22:43:07,291 | INFO | Starting direct file download in chunks of 131072 at 0, stride 131072
2026-06-30 22:43:10,060 | INFO | Starting direct file download in chunks of 131072 at 0, stride 131072
2026-06-30 22:43:12,887 | INFO | Starting direct file download in chunks of 131072 at 0, stride 131072
2026-06-30 22:43:16,295 | INFO | Starting direct file download in chunks of 131072 at 0, stride 131072
2026-06-30 22:43:19,711 | INFO | Starting direct file download in chunks of 131072 at 0, stride 131072
2026-06-30 22:43:22,260 | INFO | Starting direct file download in chunks of 131072 at 0, stride 131072
2026-06-30 22:43:25,125 | INFO | Starting direct file download in chunks of 131072 at 0, stride 131072
2026-06-30 22:43:51,283 | INFO | Starting direct file download in chunks of 131072 at 0, stride 131072
2026-06-30 22:43:52,150 | INFO | Starting direct file download in chunks of 131072 at 0, stride 131072
2026-06-30 22:43:57,496 | INFO | Starting direct file download in chunks of 131072 at 0, stride 131072
2026-06-30 22:44:00,994 | INFO | Starting direct file download in chunks of 131072 at 0, stride 131072
2026-06-30 22:44:05,334 | INFO | Starting direct file download in chunks of 131072 at 0, stride 131072
2026-06-30 22:44:07,154 | INFO | Starting direct file download in chunks of 131072 at 0, stride 131072
2026-06-30 22:44:14,216 | INFO | Starting direct file download in chunks of 131072 at 0, stride 131072
2026-06-30 22:44:16,910 | INFO | Starting direct file download in chunks of 131072 at 0, stride 131072
2026-06-30 22:44:22,446 | INFO | Starting direct file download in chunks of 131072 at 0, stride 131072
2026-06-30 22:44:23,905 | INFO | Starting direct file download in chunks of 131072 at 0, stride 131072
2026-06-30 22:44:29,922 | INFO | Starting direct file download in chunks of 131072 at 0, stride 131072
2026-06-30 22:44:33,635 | INFO | Starting direct file download in chunks of 131072 at 0, stride 131072
2026-06-30 22:44:39,171 | INFO | Starting direct file download in chunks of 131072 at 0, stride 131072
2026-06-30 22:44:45,603 | INFO | Starting direct file download in chunks of 131072 at 0, stride 131072
2026-06-30 22:44:49,174 | INFO | Starting direct file download in chunks of 131072 at 0, stride 131072
2026-06-30 22:44:54,363 | INFO | Starting direct file download in chunks of 131072 at 0, stride 131072
2026-06-30 22:44:55,447 | INFO | Starting direct file download in chunks of 131072 at 0, stride 131072
2026-06-30 22:44:58,457 | INFO | Starting direct file download in chunks of 131072 at 0, stride 131072
2026-06-30 22:45:02,518 | INFO | Starting direct file download in chunks of 131072 at 0, stride 131072
2026-06-30 22:45:04,089 | INFO | Starting direct file download in chunks of 131072 at 0, stride 131072
2026-06-30 22:45:09,565 | INFO | Starting direct file download in chunks of 131072 at 0, stride 131072
2026-06-30 22:45:13,028 | INFO | Starting direct file download in chunks of 131072 at 0, stride 131072
2026-06-30 22:45:16,364 | INFO | Starting direct file download in chunks of 131072 at 0, stride 131072
2026-06-30 22:45:17,168 | INFO | Starting direct file download in chunks of 131072 at 0, stride 131072
2026-06-30 22:45:21,517 | INFO | Starting direct file download in chunks of 131072 at 0, stride 131072
2026-06-30 22:45:26,141 | INFO | Starting direct file download in chunks of 131072 at 0, stride 131072
2026-06-30 22:45:30,492 | INFO | Starting direct file download in chunks of 131072 at 0, stride 131072
2026-06-30 22:45:31,779 | INFO | Starting direct file download in chunks of 131072 at 0, stride 131072
2026-06-30 22:45:34,265 | INFO | Starting direct file download in chunks of 131072 at 0, stride 131072
2026-06-30 22:45:36,596 | INFO | Starting direct file download in chunks of 131072 at 0, stride 131072
2026-06-30 22:45:40,657 | INFO | Starting direct file download in chunks of 131072 at 0, stride 131072
2026-06-30 22:45:42,683 | INFO | Starting direct file download in chunks of 131072 at 0, stride 131072
2026-06-30 22:45:45,652 | INFO | Starting direct file download in chunks of 131072 at 0, stride 131072
2026-06-30 22:45:47,067 | INFO | Starting direct file download in chunks of 131072 at 0, stride 131072
2026-06-30 22:45:47,858 | INFO | Starting direct file download in chunks of 131072 at 0, stride 131072
2026-06-30 22:45:54,130 | INFO | Starting direct file download in chunks of 131072 at 0, stride 131072
2026-06-30 22:45:55,745 | INFO | Starting direct file download in chunks of 131072 at 0, stride 131072
2026-06-30 22:45:59,639 | INFO | Starting direct file download in chunks of 131072 at 0, stride 131072
2026-06-30 22:46:05,402 | INFO | Starting direct file download in chunks of 131072 at 0, stride 131072
2026-06-30 22:46:09,295 | INFO | Starting direct file download in chunks of 131072 at 0, stride 131072
2026-06-30 22:46:11,027 | INFO |   lobelia4cosmetics: 250 messages scraped so far
2026-06-30 22:46:11,038 | INFO | Starting direct file download in chunks of 131072 at 0, stride 131072
2026-06-30 22:46:13,470 | INFO | Starting direct file download in chunks of 131072 at 0, stride 131072
2026-06-30 22:46:30,818 | INFO | Starting direct file download in chunks of 131072 at 0, stride 131072
2026-06-30 22:46:33,388 | INFO | Starting direct file download in chunks of 131072 at 0, stride 131072
2026-06-30 22:46:36,689 | INFO | Starting direct file download in chunks of 131072 at 0, stride 131072
2026-06-30 22:46:40,429 | INFO | Starting direct file download in chunks of 131072 at 0, stride 131072
2026-06-30 22:46:41,817 | INFO | Starting direct file download in chunks of 131072 at 0, stride 131072
2026-06-30 22:46:47,348 | INFO | Starting direct file download in chunks of 131072 at 0, stride 131072
2026-06-30 22:46:50,854 | INFO | Starting direct file download in chunks of 131072 at 0, stride 131072
2026-06-30 22:46:53,431 | INFO | Starting direct file download in chunks of 131072 at 0, stride 131072
2026-06-30 22:46:55,661 | INFO | Starting direct file download in chunks of 131072 at 0, stride 131072
2026-06-30 22:46:59,341 | INFO | Starting direct file download in chunks of 131072 at 0, stride 131072
2026-06-30 22:47:02,825 | INFO | Starting direct file download in chunks of 131072 at 0, stride 131072
2026-06-30 22:47:08,220 | INFO | Starting direct file download in chunks of 131072 at 0, stride 131072
2026-06-30 22:47:12,712 | INFO | Starting direct file download in chunks of 131072 at 0, stride 131072
2026-06-30 22:47:17,172 | INFO | Starting direct file download in chunks of 131072 at 0, stride 131072
2026-06-30 22:47:20,063 | INFO | Starting direct file download in chunks of 131072 at 0, stride 131072
2026-06-30 22:47:46,526 | INFO | Starting direct file download in chunks of 131072 at 0, stride 131072
2026-06-30 22:47:47,576 | INFO | Starting direct file download in chunks of 131072 at 0, stride 131072
2026-06-30 22:47:51,364 | INFO | Starting direct file download in chunks of 131072 at 0, stride 131072
2026-06-30 22:47:55,369 | INFO | Starting direct file download in chunks of 131072 at 0, stride 131072
2026-06-30 22:47:59,603 | INFO | Starting direct file download in chunks of 131072 at 0, stride 131072
2026-06-30 22:48:02,360 | INFO | Starting direct file download in chunks of 131072 at 0, stride 131072
2026-06-30 22:48:05,177 | INFO | Starting direct file download in chunks of 131072 at 0, stride 131072
2026-06-30 22:48:06,325 | INFO | Starting direct file download in chunks of 131072 at 0, stride 131072
2026-06-30 22:48:09,872 | INFO | Starting direct file download in chunks of 131072 at 0, stride 131072
2026-06-30 22:48:13,777 | INFO | Starting direct file download in chunks of 131072 at 0, stride 131072
2026-06-30 22:48:15,522 | INFO | Starting direct file download in chunks of 131072 at 0, stride 131072
2026-06-30 22:48:16,209 | INFO | Starting direct file download in chunks of 131072 at 0, stride 131072
2026-06-30 22:48:18,509 | INFO | Starting direct file download in chunks of 131072 at 0, stride 131072
2026-06-30 22:48:20,895 | INFO | Starting direct file download in chunks of 131072 at 0, stride 131072
2026-06-30 22:48:22,961 | INFO | Starting direct file download in chunks of 131072 at 0, stride 131072
2026-06-30 22:48:28,526 | INFO | Starting direct file download in chunks of 131072 at 0, stride 131072
2026-06-30 22:48:29,609 | INFO | Starting direct file download in chunks of 131072 at 0, stride 131072
2026-06-30 22:48:31,284 | INFO | Starting direct file download in chunks of 131072 at 0, stride 131072
2026-06-30 22:48:34,783 | INFO | Starting direct file download in chunks of 131072 at 0, stride 131072
2026-06-30 22:48:36,962 | INFO | Starting direct file download in chunks of 131072 at 0, stride 131072
2026-06-30 22:48:41,878 | INFO | Starting direct file download in chunks of 131072 at 0, stride 131072
2026-06-30 22:48:48,153 | INFO | Starting direct file download in chunks of 131072 at 0, stride 131072
2026-06-30 22:48:50,435 | INFO | Starting direct file download in chunks of 131072 at 0, stride 131072
2026-06-30 22:48:53,670 | INFO | Starting direct file download in chunks of 131072 at 0, stride 131072
2026-06-30 22:48:56,527 | INFO | Starting direct file download in chunks of 131072 at 0, stride 131072
2026-06-30 22:48:59,097 | INFO | Starting direct file download in chunks of 131072 at 0, stride 131072
2026-06-30 22:49:02,449 | INFO | Starting direct file download in chunks of 131072 at 0, stride 131072
2026-06-30 22:49:20,507 | INFO | Starting direct file download in chunks of 131072 at 0, stride 131072
2026-06-30 22:49:22,346 | INFO | Starting direct file download in chunks of 131072 at 0, stride 131072
2026-06-30 22:49:24,865 | INFO | Starting direct file download in chunks of 131072 at 0, stride 131072
2026-06-30 22:49:27,978 | INFO | Starting direct file download in chunks of 131072 at 0, stride 131072
2026-06-30 22:49:29,903 | INFO | Starting direct file download in chunks of 131072 at 0, stride 131072
2026-06-30 22:49:34,673 | INFO | Starting direct file download in chunks of 131072 at 0, stride 131072
2026-06-30 22:49:35,758 | INFO |   lobelia4cosmetics: 300 messages scraped so far
2026-06-30 22:49:37,227 | INFO | Starting direct file download in chunks of 131072 at 0, stride 131072
2026-06-30 22:49:38,239 | INFO | Starting direct file download in chunks of 131072 at 0, stride 131072
2026-06-30 22:49:39,812 | INFO | Starting direct file download in chunks of 131072 at 0, stride 131072
2026-06-30 22:49:42,256 | INFO | Starting direct file download in chunks of 131072 at 0, stride 131072
2026-06-30 22:49:45,167 | INFO | Starting direct file download in chunks of 131072 at 0, stride 131072
2026-06-30 22:49:49,826 | INFO | Starting direct file download in chunks of 131072 at 0, stride 131072
2026-06-30 22:49:54,902 | INFO | Starting direct file download in chunks of 131072 at 0, stride 131072
2026-06-30 22:49:58,998 | INFO | Starting direct file download in chunks of 131072 at 0, stride 131072
2026-06-30 22:50:23,576 | INFO | Starting direct file download in chunks of 131072 at 0, stride 131072
2026-06-30 22:50:27,489 | INFO | Starting direct file download in chunks of 131072 at 0, stride 131072
2026-06-30 22:50:30,798 | INFO | Starting direct file download in chunks of 131072 at 0, stride 131072
2026-06-30 22:50:36,976 | INFO | Starting direct file download in chunks of 131072 at 0, stride 131072
2026-06-30 22:50:40,019 | INFO | Starting direct file download in chunks of 131072 at 0, stride 131072
2026-06-30 22:50:43,556 | INFO | Starting direct file download in chunks of 131072 at 0, stride 131072
2026-06-30 22:50:47,570 | INFO | Starting direct file download in chunks of 131072 at 0, stride 131072
2026-06-30 22:50:50,743 | INFO | Starting direct file download in chunks of 131072 at 0, stride 131072
2026-06-30 22:50:56,499 | INFO | Starting direct file download in chunks of 131072 at 0, stride 131072
2026-06-30 22:50:59,945 | INFO | Starting direct file download in chunks of 131072 at 0, stride 131072
2026-06-30 22:51:05,255 | INFO | Starting direct file download in chunks of 131072 at 0, stride 131072
2026-06-30 22:51:09,675 | INFO | Starting direct file download in chunks of 131072 at 0, stride 131072
2026-06-30 22:51:14,574 | INFO | Starting direct file download in chunks of 131072 at 0, stride 131072
2026-06-30 22:51:20,662 | INFO | Starting direct file download in chunks of 131072 at 0, stride 131072
2026-06-30 22:51:26,615 | INFO | Starting direct file download in chunks of 131072 at 0, stride 131072
2026-06-30 22:51:33,669 | INFO | Starting direct file download in chunks of 131072 at 0, stride 131072
2026-06-30 22:51:40,127 | INFO | Starting direct file download in chunks of 131072 at 0, stride 131072
2026-06-30 22:51:41,463 | INFO | Starting direct file download in chunks of 131072 at 0, stride 131072
2026-06-30 22:51:47,672 | INFO | Starting direct file download in chunks of 131072 at 0, stride 131072
2026-06-30 22:51:52,512 | INFO | Starting direct file download in chunks of 131072 at 0, stride 131072
2026-06-30 22:51:57,786 | INFO | Starting direct file download in chunks of 131072 at 0, stride 131072
2026-06-30 22:51:58,603 | INFO | Starting direct file download in chunks of 131072 at 0, stride 131072
2026-06-30 22:52:00,595 | INFO | Starting direct file download in chunks of 131072 at 0, stride 131072
2026-06-30 22:52:05,602 | INFO | Starting direct file download in chunks of 131072 at 0, stride 131072
2026-06-30 22:52:09,462 | INFO | Starting direct file download in chunks of 131072 at 0, stride 131072
2026-06-30 22:52:11,280 | INFO | Starting direct file download in chunks of 131072 at 0, stride 131072
2026-06-30 22:52:12,104 | INFO | Starting direct file download in chunks of 131072 at 0, stride 131072
2026-06-30 22:52:14,340 | INFO | Starting direct file download in chunks of 131072 at 0, stride 131072
2026-06-30 22:52:17,035 | INFO | Starting direct file download in chunks of 131072 at 0, stride 131072
2026-06-30 22:52:19,529 | INFO | Starting direct file download in chunks of 131072 at 0, stride 131072
2026-06-30 22:52:21,556 | INFO | Starting direct file download in chunks of 131072 at 0, stride 131072
2026-06-30 22:52:27,518 | INFO | Starting direct file download in chunks of 131072 at 0, stride 131072
2026-06-30 22:52:52,607 | INFO | Starting direct file download in chunks of 131072 at 0, stride 131072
2026-06-30 22:52:55,386 | INFO | Starting direct file download in chunks of 131072 at 0, stride 131072
2026-06-30 22:53:36,052 | INFO | Starting direct file download in chunks of 131072 at 0, stride 131072
2026-06-30 22:53:40,390 | INFO | Starting direct file download in chunks of 131072 at 0, stride 131072
2026-06-30 22:53:42,917 | INFO | Starting direct file download in chunks of 131072 at 0, stride 131072
2026-06-30 22:53:47,692 | INFO | Starting direct file download in chunks of 131072 at 0, stride 131072
2026-06-30 22:53:50,689 | INFO | Starting direct file download in chunks of 131072 at 0, stride 131072
2026-06-30 22:53:52,789 | INFO | Starting direct file download in chunks of 131072 at 0, stride 131072
2026-06-30 22:53:55,887 | INFO | Starting direct file download in chunks of 131072 at 0, stride 131072
2026-06-30 22:53:59,277 | INFO | Starting direct file download in chunks of 131072 at 0, stride 131072
2026-06-30 22:54:02,760 | INFO |   lobelia4cosmetics: 350 messages scraped so far
2026-06-30 22:54:02,764 | INFO | Starting direct file download in chunks of 131072 at 0, stride 131072
2026-06-30 22:54:03,642 | INFO | Starting direct file download in chunks of 131072 at 0, stride 131072
2026-06-30 22:54:07,746 | INFO | Starting direct file download in chunks of 131072 at 0, stride 131072
2026-06-30 22:54:12,796 | INFO | Starting direct file download in chunks of 131072 at 0, stride 131072
2026-06-30 22:54:16,343 | INFO | Starting direct file download in chunks of 131072 at 0, stride 131072
2026-06-30 22:54:20,791 | INFO | Starting direct file download in chunks of 131072 at 0, stride 131072
2026-06-30 22:54:24,124 | INFO | Starting direct file download in chunks of 131072 at 0, stride 131072
2026-06-30 22:54:27,594 | INFO | Starting direct file download in chunks of 131072 at 0, stride 131072
2026-06-30 22:54:29,867 | INFO | Starting direct file download in chunks of 131072 at 0, stride 131072
2026-06-30 22:54:33,983 | INFO | Starting direct file download in chunks of 131072 at 0, stride 131072
2026-06-30 22:54:36,618 | INFO | Starting direct file download in chunks of 131072 at 0, stride 131072
2026-06-30 22:54:39,457 | INFO | Starting direct file download in chunks of 131072 at 0, stride 131072
2026-06-30 22:54:40,220 | INFO | Starting direct file download in chunks of 131072 at 0, stride 131072
2026-06-30 22:54:41,868 | INFO | Starting direct file download in chunks of 131072 at 0, stride 131072
2026-06-30 22:54:45,805 | INFO | Starting direct file download in chunks of 131072 at 0, stride 131072
2026-06-30 22:54:48,154 | INFO | Starting direct file download in chunks of 131072 at 0, stride 131072
2026-06-30 22:54:50,524 | INFO | Starting direct file download in chunks of 131072 at 0, stride 131072
2026-06-30 22:54:55,156 | INFO | Starting direct file download in chunks of 131072 at 0, stride 131072
2026-06-30 22:54:58,135 | INFO | Starting direct file download in chunks of 131072 at 0, stride 131072
2026-06-30 22:55:12,227 | INFO | Starting direct file download in chunks of 131072 at 0, stride 131072
2026-06-30 22:55:13,291 | INFO | Starting direct file download in chunks of 131072 at 0, stride 131072
2026-06-30 22:55:16,301 | INFO | Starting direct file download in chunks of 131072 at 0, stride 131072
2026-06-30 22:55:19,569 | INFO | Starting direct file download in chunks of 131072 at 0, stride 131072
2026-06-30 22:55:22,120 | INFO | Starting direct file download in chunks of 131072 at 0, stride 131072
2026-06-30 22:55:24,771 | INFO | Starting direct file download in chunks of 131072 at 0, stride 131072
2026-06-30 22:55:26,405 | INFO | Starting direct file download in chunks of 131072 at 0, stride 131072
2026-06-30 22:55:29,378 | INFO | Starting direct file download in chunks of 131072 at 0, stride 131072
2026-06-30 22:55:32,523 | INFO | Starting direct file download in chunks of 131072 at 0, stride 131072
2026-06-30 22:55:35,341 | INFO | Starting direct file download in chunks of 131072 at 0, stride 131072
2026-06-30 22:55:38,226 | INFO | Starting direct file download in chunks of 131072 at 0, stride 131072
2026-06-30 22:55:40,826 | INFO | Starting direct file download in chunks of 131072 at 0, stride 131072
2026-06-30 22:55:43,611 | INFO | Starting direct file download in chunks of 131072 at 0, stride 131072
2026-06-30 22:56:02,826 | INFO | Starting direct file download in chunks of 131072 at 0, stride 131072
2026-06-30 22:56:05,579 | INFO | Starting direct file download in chunks of 131072 at 0, stride 131072
2026-06-30 22:56:09,017 | INFO | Starting direct file download in chunks of 131072 at 0, stride 131072
2026-06-30 22:56:12,606 | INFO | Starting direct file download in chunks of 131072 at 0, stride 131072
2026-06-30 22:56:15,899 | INFO | Starting direct file download in chunks of 131072 at 0, stride 131072
2026-06-30 22:56:18,655 | INFO | Starting direct file download in chunks of 131072 at 0, stride 131072
2026-06-30 22:56:21,376 | INFO | Starting direct file download in chunks of 131072 at 0, stride 131072
2026-06-30 22:56:24,932 | INFO | Starting direct file download in chunks of 131072 at 0, stride 131072
2026-06-30 22:56:28,275 | INFO | Starting direct file download in chunks of 131072 at 0, stride 131072
2026-06-30 22:56:29,663 | INFO | Starting direct file download in chunks of 131072 at 0, stride 131072
2026-06-30 22:56:31,471 | INFO | Starting direct file download in chunks of 131072 at 0, stride 131072
2026-06-30 22:56:33,350 | INFO | Starting direct file download in chunks of 131072 at 0, stride 131072
2026-06-30 22:56:36,148 | INFO | Starting direct file download in chunks of 131072 at 0, stride 131072
2026-06-30 22:56:36,942 | INFO | Starting direct file download in chunks of 131072 at 0, stride 131072
2026-06-30 22:56:45,030 | INFO | Starting direct file download in chunks of 131072 at 0, stride 131072
2026-06-30 22:57:07,368 | INFO | Starting direct file download in chunks of 131072 at 0, stride 131072
2026-06-30 22:57:08,866 | INFO | Starting direct file download in chunks of 131072 at 0, stride 131072
2026-06-30 22:57:13,338 | INFO | Starting direct file download in chunks of 131072 at 0, stride 131072
2026-06-30 22:57:18,558 | INFO |   lobelia4cosmetics: 400 messages scraped so far
2026-06-30 22:57:20,104 | INFO | Starting direct file download in chunks of 131072 at 0, stride 131072
2026-06-30 22:57:25,879 | INFO | Starting direct file download in chunks of 131072 at 0, stride 131072
2026-06-30 22:57:30,436 | INFO | Starting direct file download in chunks of 131072 at 0, stride 131072
2026-06-30 22:57:36,742 | INFO | Starting direct file download in chunks of 131072 at 0, stride 131072
2026-06-30 22:57:43,213 | INFO | Starting direct file download in chunks of 131072 at 0, stride 131072
2026-06-30 22:57:44,965 | INFO | Starting direct file download in chunks of 131072 at 0, stride 131072
2026-06-30 22:57:49,302 | INFO | Starting direct file download in chunks of 131072 at 0, stride 131072
2026-06-30 22:57:49,312 | INFO | Got difference for channel 2328234935 updates
2026-06-30 22:57:54,510 | INFO | Starting direct file download in chunks of 131072 at 0, stride 131072
2026-06-30 22:57:55,470 | INFO | Starting direct file download in chunks of 131072 at 0, stride 131072
2026-06-30 22:57:59,432 | INFO | Starting direct file download in chunks of 131072 at 0, stride 131072
2026-06-30 22:58:00,509 | INFO | Starting direct file download in chunks of 131072 at 0, stride 131072
2026-06-30 22:58:05,068 | INFO | Starting direct file download in chunks of 131072 at 0, stride 131072
2026-06-30 22:58:09,241 | INFO | Starting direct file download in chunks of 131072 at 0, stride 131072
2026-06-30 22:58:14,467 | INFO | Starting direct file download in chunks of 131072 at 0, stride 131072
2026-06-30 22:58:16,741 | INFO | Starting direct file download in chunks of 131072 at 0, stride 131072
2026-06-30 22:58:22,180 | INFO | Starting direct file download in chunks of 131072 at 0, stride 131072
2026-06-30 22:58:23,726 | INFO | Starting direct file download in chunks of 131072 at 0, stride 131072
2026-06-30 22:58:26,059 | INFO | Starting direct file download in chunks of 131072 at 0, stride 131072
2026-06-30 22:58:29,588 | INFO | Starting direct file download in chunks of 131072 at 0, stride 131072
2026-06-30 22:58:34,120 | INFO | Starting direct file download in chunks of 131072 at 0, stride 131072
2026-06-30 22:58:55,661 | INFO | Starting direct file download in chunks of 131072 at 0, stride 131072
2026-06-30 22:59:00,453 | INFO | Starting direct file download in chunks of 131072 at 0, stride 131072
2026-06-30 22:59:31,186 | INFO | Starting direct file download in chunks of 131072 at 0, stride 131072
2026-06-30 22:59:32,031 | INFO | Starting direct file download in chunks of 131072 at 0, stride 131072
2026-06-30 22:59:36,225 | INFO | Starting direct file download in chunks of 131072 at 0, stride 131072
2026-06-30 22:59:40,549 | INFO | Starting direct file download in chunks of 131072 at 0, stride 131072
2026-06-30 22:59:43,558 | INFO | Starting direct file download in chunks of 131072 at 0, stride 131072
2026-06-30 22:59:47,114 | INFO | Starting direct file download in chunks of 131072 at 0, stride 131072
2026-06-30 22:59:50,262 | INFO | Starting direct file download in chunks of 131072 at 0, stride 131072
2026-06-30 22:59:56,330 | INFO | Starting direct file download in chunks of 131072 at 0, stride 131072
2026-06-30 23:00:00,652 | INFO | Starting direct file download in chunks of 131072 at 0, stride 131072
2026-06-30 23:00:03,449 | INFO | Starting direct file download in chunks of 131072 at 0, stride 131072
2026-06-30 23:00:06,274 | INFO | Starting direct file download in chunks of 131072 at 0, stride 131072
2026-06-30 23:00:10,536 | INFO | Starting direct file download in chunks of 131072 at 0, stride 131072
2026-06-30 23:00:13,840 | INFO | Starting direct file download in chunks of 131072 at 0, stride 131072
2026-06-30 23:00:16,757 | INFO | Starting direct file download in chunks of 131072 at 0, stride 131072
2026-06-30 23:00:21,634 | INFO | Starting direct file download in chunks of 131072 at 0, stride 131072
2026-06-30 23:00:25,141 | INFO | Starting direct file download in chunks of 131072 at 0, stride 131072
2026-06-30 23:00:28,530 | INFO | Starting direct file download in chunks of 131072 at 0, stride 131072
2026-06-30 23:04:46,972 | INFO | Connecting to 149.154.167.91:443/TcpFull...
2026-06-30 23:04:47,083 | INFO | Connection to 149.154.167.91:443/TcpFull complete!
2026-06-30 23:04:47,896 | INFO | Telegram client authenticated successfully.
2026-06-30 23:04:47,896 | INFO | Starting scrape for channel: CheMed123
2026-06-30 23:04:49,388 | INFO |   CheMed123: 50 messages scraped so far
2026-06-30 23:04:49,388 | INFO | Finished CheMed123: 50 messages total
2026-06-30 23:04:49,429 | INFO | Wrote 50 messages to C:\Users\HP\OneDrive\Desktop\10 ACADAMY FILES\medical-telegram-warehouse-\data\raw\telegram_messages\2026-06-30\CheMed123.json
2026-06-30 23:04:49,430 | INFO | Starting scrape for channel: lobelia4cosmetics
2026-06-30 23:04:50,424 | INFO |   lobelia4cosmetics: 50 messages scraped so far
2026-06-30 23:04:50,425 | INFO | Finished lobelia4cosmetics: 50 messages total
2026-06-30 23:04:50,473 | INFO | Wrote 50 messages to C:\Users\HP\OneDrive\Desktop\10 ACADAMY FILES\medical-telegram-warehouse-\data\raw\telegram_messages\2026-06-30\lobelia4cosmetics.json
2026-06-30 23:04:50,474 | INFO | Starting scrape for channel: tikvahpharma
2026-06-30 23:04:52,397 | INFO |   tikvahpharma: 50 messages scraped so far
2026-06-30 23:04:52,397 | INFO | Finished tikvahpharma: 50 messages total
2026-06-30 23:04:52,485 | INFO | Wrote 50 messages to C:\Users\HP\OneDrive\Desktop\10 ACADAMY FILES\medical-telegram-warehouse-\data\raw\telegram_messages\2026-06-30\tikvahpharma.json
2026-06-30 23:04:52,486 | INFO | Disconnecting from 149.154.167.91:443/TcpFull...
2026-06-30 23:04:52,487 | INFO | Disconnection from 149.154.167.91:443/TcpFull complete!
2026-06-30 23:04:52,500 | INFO | Scraping complete. Client disconnected.
